# JRE version: OpenJDK Runtime Environment Temurin-17.0.7+7 (17.0.7+7) (build 17.0.7+7)
# Java VM: OpenJDK 64-Bit Server VM Temurin-17.0.7+7 (17.0.7+7, mixed mode, emulated-client, tiered, compressed oops, compressed class ptrs, g1 gc, windows-amd64)
GC Precious Log:
 CPUs: 4 total, 4 available
 Memory: 6058M
 Large Page Support: Disabled
 NUMA Support: Disabled
 Compressed Oops: Enabled (32-bit)
 Heap Region Size: 1M
 Heap Min Capacity: 8M
 Heap Initial Capacity: 96M
 Heap Max Capacity: 1516M
 Pre-touch: Disabled
 Parallel Workers: 4
 Concurrent Workers: 1
 Concurrent Refinement Workers: 4
 Periodic GC: Disabled
Heap:
 garbage-first heap   total 99328K, used 36189K [0x00000000a1400000, 0x0000000100000000)
  region size 1024K, 14 young (14336K), 5 survivors (5120K)
 Metaspace       used 64404K, committed 64768K, reserved 1114112K
  class space    used 8528K, committed 8704K, reserved 1048576K
GC Heap History (20 events):
Event: 5.324 GC heap before
{Heap before GC invocations=11 (full 0):
 garbage-first heap   total 81920K, used 24939K [0x00000000a1400000, 0x0000000100000000)
  region size 1024K, 15 young (15360K), 5 survivors (5120K)
 Metaspace       used 35797K, committed 36096K, reserved 1114112K
  class space    used 4339K, committed 4480K, reserved 1048576K
}
Event: 5.331 GC heap after
{Heap after GC invocations=12 (full 0):
 garbage-first heap   total 81920K, used 16245K [0x00000000a1400000, 0x0000000100000000)
  region size 1024K, 4 young (4096K), 4 survivors (4096K)
 Metaspace       used 35797K, committed 36096K, reserved 1114112K
  class space    used 4339K, committed 4480K, reserved 1048576K
}
Event: 6.091 GC heap before
{Heap before GC invocations=13 (full 0):
 garbage-first heap   total 65536K, used 51061K [0x00000000a1400000, 0x0000000100000000)
  region size 1024K, 38 young (38912K), 4 survivors (4096K)
 Metaspace       used 37976K, committed 38272K, reserved 1114112K
  class space    used 4667K, committed 4800K, reserved 1048576K
}
Event: 6.098 GC heap after
{Heap after GC invocations=14 (full 0):
 garbage-first heap   total 65536K, used 17141K [0x00000000a1400000, 0x0000000100000000)
  region size 1024K, 4 young (4096K), 4 survivors (4096K)
 Metaspace       used 37976K, committed 38272K, reserved 1114112K
  class space    used 4667K, committed 4800K, reserved 1048576K
}
Event: 6.126 GC heap before
{Heap before GC invocations=14 (full 0):
 garbage-first heap   total 65536K, used 18165K [0x00000000a1400000, 0x0000000100000000)
  region size 1024K, 5 young (5120K), 4 survivors (4096K)
 Metaspace       used 38102K, committed 38464K, reserved 1114112K
  class space    used 4684K, committed 4864K, reserved 1048576K
}
Event: 6.131 GC heap after
{Heap after GC invocations=15 (full 0):
 garbage-first heap   total 65536K, used 17484K [0x00000000a1400000, 0x0000000100000000)
  region size 1024K, 1 young (1024K), 1 survivors (1024K)
 Metaspace       used 38102K, committed 38464K, reserved 1114112K
  class space    used 4684K, committed 4864K, reserved 1048576K
}
Event: 6.839 GC heap before
{Heap before GC invocations=15 (full 0):
 garbage-first heap   total 65536K, used 52300K [0x00000000a1400000, 0x0000000100000000)
  region size 1024K, 35 young (35840K), 1 survivors (1024K)
 Metaspace       used 40879K, committed 41216K, reserved 1114112K
  class space    used 5139K, committed 5248K, reserved 1048576K
}
Event: 6.845 GC heap after
{Heap after GC invocations=16 (full 0):
 garbage-first heap   total 104448K, used 19274K [0x00000000a1400000, 0x0000000100000000)
  region size 1024K, 3 young (3072K), 3 survivors (3072K)
 Metaspace       used 40879K, committed 41216K, reserved 1114112K
  class space    used 5139K, committed 5248K, reserved 1048576K
}
Event: 8.153 GC heap before
{Heap before GC invocations=16 (full 0):
 garbage-first heap   total 104448K, used 78666K [0x00000000a1400000, 0x0000000100000000)
  region size 1024K, 61 young (62464K), 3 survivors (3072K)
 Metaspace       used 46154K, committed 46528K, reserved 1114112K
  class space    used 5740K, committed 5952K, reserved 1048576K
}
Event: 8.162 GC heap after
{Heap after GC invocations=17 (full 0):
 garbage-first heap   total 104448K, used 21566K [0x00000000a1400000, 0x0000000100000000)
  region size 1024K, 5 young (5120K), 5 survivors (5120K)
 Metaspace       used 46154K, committed 46528K, reserved 1114112K
  class space    used 5740K, committed 5952K, reserved 1048576K
}
Event: 9.175 GC heap before
{Heap before GC invocations=17 (full 0):
 garbage-first heap   total 104448K, used 78910K [0x00000000a1400000, 0x0000000100000000)
  region size 1024K, 61 young (62464K), 5 survivors (5120K)
 Metaspace       used 51418K, committed 51776K, reserved 1114112K
  class space    used 6621K, committed 6784K, reserved 1048576K
}
Event: 9.186 GC heap after
{Heap after GC invocations=18 (full 0):
 garbage-first heap   total 104448K, used 23110K [0x00000000a1400000, 0x0000000100000000)
  region size 1024K, 4 young (4096K), 4 survivors (4096K)
 Metaspace       used 51418K, committed 51776K, reserved 1114112K
  class space    used 6621K, committed 6784K, reserved 1048576K
}
Event: 10.216 GC heap before
{Heap before GC invocations=18 (full 0):
 garbage-first heap   total 104448K, used 81478K [0x00000000a1400000, 0x0000000100000000)
  region size 1024K, 61 young (62464K), 4 survivors (4096K)
 Metaspace       used 56361K, committed 56768K, reserved 1114112K
  class space    used 7286K, committed 7488K, reserved 1048576K
}
Event: 10.230 GC heap after
{Heap after GC invocations=19 (full 0):
 garbage-first heap   total 104448K, used 25158K [0x00000000a1400000, 0x0000000100000000)
  region size 1024K, 6 young (6144K), 6 survivors (6144K)
 Metaspace       used 56361K, committed 56768K, reserved 1114112K
  class space    used 7286K, committed 7488K, reserved 1048576K
}
Event: 11.110 GC heap before
{Heap before GC invocations=19 (full 0):
 garbage-first heap   total 104448K, used 81478K [0x00000000a1400000, 0x0000000100000000)
  region size 1024K, 61 young (62464K), 6 survivors (6144K)
 Metaspace       used 58859K, committed 59264K, reserved 1114112K
  class space    used 7751K, committed 7936K, reserved 1048576K
}
Event: 11.122 GC heap after
{Heap after GC invocations=20 (full 0):
 garbage-first heap   total 104448K, used 26229K [0x00000000a1400000, 0x0000000100000000)
  region size 1024K, 5 young (5120K), 5 survivors (5120K)
 Metaspace       used 58859K, committed 59264K, reserved 1114112K
  class space    used 7751K, committed 7936K, reserved 1048576K
}
Event: 11.385 GC heap before
{Heap before GC invocations=20 (full 0):
 garbage-first heap   total 104448K, used 40565K [0x00000000a1400000, 0x0000000100000000)
  region size 1024K, 20 young (20480K), 5 survivors (5120K)
 Metaspace       used 59894K, committed 60288K, reserved 1114112K
  class space    used 7903K, committed 8064K, reserved 1048576K
}
Event: 11.394 GC heap after
{Heap after GC invocations=21 (full 0):
 garbage-first heap   total 104448K, used 26619K [0x00000000a1400000, 0x0000000100000000)
  region size 1024K, 4 young (4096K), 4 survivors (4096K)
 Metaspace       used 59894K, committed 60288K, reserved 1114112K
  class space    used 7903K, committed 8064K, reserved 1048576K
}
Event: 13.058 GC heap before
{Heap before GC invocations=22 (full 0):
 garbage-first heap   total 99328K, used 81915K [0x00000000a1400000, 0x0000000100000000)
  region size 1024K, 58 young (59392K), 4 survivors (4096K)
 Metaspace       used 64253K, committed 64704K, reserved 1114112K
  class space    used 8504K, committed 8704K, reserved 1048576K
}
Event: 13.069 GC heap after
{Heap after GC invocations=23 (full 0):
 garbage-first heap   total 99328K, used 27997K [0x00000000a1400000, 0x0000000100000000)
  region size 1024K, 5 young (5120K), 5 survivors (5120K)
 Metaspace       used 64253K, committed 64704K, reserved 1114112K
  class space    used 8504K, committed 8704K, reserved 1048576K
}

