# JRE version: OpenJDK Runtime Environment Temurin-17.0.7+7 (17.0.7+7) (build 17.0.7+7)
# Java VM: OpenJDK 64-Bit Server VM Temurin-17.0.7+7 (17.0.7+7, mixed mode, emulated-client, tiered, compressed oops, compressed class ptrs, g1 gc, windows-amd64)
GC Precious Log:
 CPUs: 4 total, 4 available
 Memory: 6058M
 Large Page Support: Disabled
 NUMA Support: Disabled
 Compressed Oops: Enabled (32-bit)
 Heap Region Size: 1M
 Heap Min Capacity: 8M
 Heap Initial Capacity: 96M
 Heap Max Capacity: 1516M
 Pre-touch: Disabled
 Parallel Workers: 4
 Concurrent Workers: 1
 Concurrent Refinement Workers: 4
 Periodic GC: Disabled
Heap:
 garbage-first heap   total 58368K, used 31994K [0x00000000a1400000, 0x0000000100000000)
  region size 1024K, 13 young (13312K), 3 survivors (3072K)
 Metaspace       used 50388K, committed 50688K, reserved 1114112K
  class space    used 6435K, committed 6592K, reserved 1048576K
GC Heap History (20 events):
Event: 4.369 GC heap before
{Heap before GC invocations=9 (full 0):
 garbage-first heap   total 81920K, used 58200K [0x00000000a1400000, 0x0000000100000000)
  region size 1024K, 48 young (49152K), 3 survivors (3072K)
 Metaspace       used 33042K, committed 33344K, reserved 1114112K
  class space    used 3963K, committed 4096K, reserved 1048576K
}
Event: 4.375 GC heap after
{Heap after GC invocations=10 (full 0):
 garbage-first heap   total 81920K, used 14046K [0x00000000a1400000, 0x0000000100000000)
  region size 1024K, 4 young (4096K), 4 survivors (4096K)
 Metaspace       used 33042K, committed 33344K, reserved 1114112K
  class space    used 3963K, committed 4096K, reserved 1048576K
}
Event: 5.506 GC heap before
{Heap before GC invocations=10 (full 0):
 garbage-first heap   total 81920K, used 58078K [0x00000000a1400000, 0x0000000100000000)
  region size 1024K, 48 young (49152K), 4 survivors (4096K)
 Metaspace       used 35260K, committed 35584K, reserved 1114112K
  class space    used 4272K, committed 4416K, reserved 1048576K
}
Event: 5.518 GC heap after
{Heap after GC invocations=11 (full 0):
 garbage-first heap   total 81920K, used 15863K [0x00000000a1400000, 0x0000000100000000)
  region size 1024K, 5 young (5120K), 5 survivors (5120K)
 Metaspace       used 35260K, committed 35584K, reserved 1114112K
  class space    used 4272K, committed 4416K, reserved 1048576K
}
Event: 5.664 GC heap before
{Heap before GC invocations=11 (full 0):
 garbage-first heap   total 81920K, used 24055K [0x00000000a1400000, 0x0000000100000000)
  region size 1024K, 14 young (14336K), 5 survivors (5120K)
 Metaspace       used 35803K, committed 36096K, reserved 1114112K
  class space    used 4343K, committed 4480K, reserved 1048576K
}
Event: 5.675 GC heap after
{Heap after GC invocations=12 (full 0):
 garbage-first heap   total 98304K, used 16050K [0x00000000a1400000, 0x0000000100000000)
  region size 1024K, 3 young (3072K), 3 survivors (3072K)
 Metaspace       used 35803K, committed 36096K, reserved 1114112K
  class space    used 4343K, committed 4480K, reserved 1048576K
}
Event: 6.586 GC heap before
{Heap before GC invocations=13 (full 0):
 garbage-first heap   total 58368K, used 47794K [0x00000000a1400000, 0x0000000100000000)
  region size 1024K, 34 young (34816K), 3 survivors (3072K)
 Metaspace       used 37654K, committed 38016K, reserved 1114112K
  class space    used 4633K, committed 4800K, reserved 1048576K
}
Event: 6.594 GC heap after
{Heap after GC invocations=14 (full 0):
 garbage-first heap   total 58368K, used 17219K [0x00000000a1400000, 0x0000000100000000)
  region size 1024K, 4 young (4096K), 4 survivors (4096K)
 Metaspace       used 37654K, committed 38016K, reserved 1114112K
  class space    used 4633K, committed 4800K, reserved 1048576K
}
Event: 6.619 GC heap before
{Heap before GC invocations=14 (full 0):
 garbage-first heap   total 58368K, used 18243K [0x00000000a1400000, 0x0000000100000000)
  region size 1024K, 5 young (5120K), 4 survivors (4096K)
 Metaspace       used 37776K, committed 38080K, reserved 1114112K
  class space    used 4644K, committed 4800K, reserved 1048576K
}
Event: 6.627 GC heap after
{Heap after GC invocations=15 (full 0):
 garbage-first heap   total 58368K, used 17519K [0x00000000a1400000, 0x0000000100000000)
  region size 1024K, 1 young (1024K), 1 survivors (1024K)
 Metaspace       used 37776K, committed 38080K, reserved 1114112K
  class space    used 4644K, committed 4800K, reserved 1048576K
}
Event: 7.502 GC heap before
{Heap before GC invocations=15 (full 0):
 garbage-first heap   total 58368K, used 47215K [0x00000000a1400000, 0x0000000100000000)
  region size 1024K, 30 young (30720K), 1 survivors (1024K)
 Metaspace       used 40121K, committed 40448K, reserved 1114112K
  class space    used 5005K, committed 5120K, reserved 1048576K
}
Event: 7.510 GC heap after
{Heap after GC invocations=16 (full 0):
 garbage-first heap   total 58368K, used 18856K [0x00000000a1400000, 0x0000000100000000)
  region size 1024K, 2 young (2048K), 2 survivors (2048K)
 Metaspace       used 40121K, committed 40448K, reserved 1114112K
  class space    used 5005K, committed 5120K, reserved 1048576K
}
Event: 8.363 GC heap before
{Heap before GC invocations=16 (full 0):
 garbage-first heap   total 58368K, used 45480K [0x00000000a1400000, 0x0000000100000000)
  region size 1024K, 29 young (29696K), 2 survivors (2048K)
 Metaspace       used 42425K, committed 42752K, reserved 1114112K
  class space    used 5304K, committed 5440K, reserved 1048576K
}
Event: 8.372 GC heap after
{Heap after GC invocations=17 (full 0):
 garbage-first heap   total 58368K, used 20303K [0x00000000a1400000, 0x0000000100000000)
  region size 1024K, 4 young (4096K), 4 survivors (4096K)
 Metaspace       used 42425K, committed 42752K, reserved 1114112K
  class space    used 5304K, committed 5440K, reserved 1048576K
}
Event: 8.936 GC heap before
{Heap before GC invocations=17 (full 0):
 garbage-first heap   total 58368K, used 45903K [0x00000000a1400000, 0x0000000100000000)
  region size 1024K, 29 young (29696K), 4 survivors (4096K)
 Metaspace       used 44784K, committed 45120K, reserved 1114112K
  class space    used 5582K, committed 5760K, reserved 1048576K
}
Event: 8.944 GC heap after
{Heap after GC invocations=18 (full 0):
 garbage-first heap   total 58368K, used 21324K [0x00000000a1400000, 0x0000000100000000)
  region size 1024K, 3 young (3072K), 3 survivors (3072K)
 Metaspace       used 44784K, committed 45120K, reserved 1114112K
  class space    used 5582K, committed 5760K, reserved 1048576K
}
Event: 9.693 GC heap before
{Heap before GC invocations=18 (full 0):
 garbage-first heap   total 58368K, used 45900K [0x00000000a1400000, 0x0000000100000000)
  region size 1024K, 28 young (28672K), 3 survivors (3072K)
 Metaspace       used 47201K, committed 47552K, reserved 1114112K
  class space    used 5848K, committed 6016K, reserved 1048576K
}
Event: 9.699 GC heap after
{Heap after GC invocations=19 (full 0):
 garbage-first heap   total 58368K, used 22262K [0x00000000a1400000, 0x0000000100000000)
  region size 1024K, 2 young (2048K), 2 survivors (2048K)
 Metaspace       used 47201K, committed 47552K, reserved 1114112K
  class space    used 5848K, committed 6016K, reserved 1048576K
}
Event: 10.209 GC heap before
{Heap before GC invocations=19 (full 0):
 garbage-first heap   total 58368K, used 47862K [0x00000000a1400000, 0x0000000100000000)
  region size 1024K, 27 young (27648K), 2 survivors (2048K)
 Metaspace       used 49381K, committed 49728K, reserved 1114112K
  class space    used 6217K, committed 6400K, reserved 1048576K
}
Event: 10.214 GC heap after
{Heap after GC invocations=20 (full 0):
 garbage-first heap   total 58368K, used 22778K [0x00000000a1400000, 0x0000000100000000)
  region size 1024K, 3 young (3072K), 3 survivors (3072K)
 Metaspace       used 49381K, committed 49728K, reserved 1114112K
  class space    used 6217K, committed 6400K, reserved 1048576K
}

