# JRE version: OpenJDK Runtime Environment Temurin-17.0.7+7 (17.0.7+7) (build 17.0.7+7)
# Java VM: OpenJDK 64-Bit Server VM Temurin-17.0.7+7 (17.0.7+7, mixed mode, emulated-client, tiered, compressed oops, compressed class ptrs, g1 gc, windows-amd64)
GC Precious Log:
 CPUs: 4 total, 4 available
 Memory: 6058M
 Large Page Support: Disabled
 NUMA Support: Disabled
 Compressed Oops: Enabled (32-bit)
 Heap Region Size: 1M
 Heap Min Capacity: 8M
 Heap Initial Capacity: 96M
 Heap Max Capacity: 1516M
 Pre-touch: Disabled
 Parallel Workers: 4
 Concurrent Workers: 1
 Concurrent Refinement Workers: 4
 Periodic GC: Disabled
Heap:
 garbage-first heap   total 49152K, used 25512K [0x00000000a1400000, 0x0000000100000000)
  region size 1024K, 2 young (2048K), 2 survivors (2048K)
 Metaspace       used 56349K, committed 56704K, reserved 1114112K
  class space    used 7588K, committed 7744K, reserved 1048576K
GC Heap History (20 events):
Event: 3.927 GC heap after
{Heap after GC invocations=9 (full 0):
 garbage-first heap   total 49152K, used 15286K [0x00000000a1400000, 0x0000000100000000)
  region size 1024K, 3 young (3072K), 3 survivors (3072K)
 Metaspace       used 32977K, committed 33280K, reserved 1114112K
  class space    used 4084K, committed 4224K, reserved 1048576K
}
Event: 4.404 GC heap before
{Heap before GC invocations=9 (full 0):
 garbage-first heap   total 49152K, used 36790K [0x00000000a1400000, 0x0000000100000000)
  region size 1024K, 24 young (24576K), 3 survivors (3072K)
 Metaspace       used 35771K, committed 36032K, reserved 1114112K
  class space    used 4489K, committed 4608K, reserved 1048576K
}
Event: 4.409 GC heap after
{Heap after GC invocations=10 (full 0):
 garbage-first heap   total 49152K, used 16607K [0x00000000a1400000, 0x0000000100000000)
  region size 1024K, 3 young (3072K), 3 survivors (3072K)
 Metaspace       used 35771K, committed 36032K, reserved 1114112K
  class space    used 4489K, committed 4608K, reserved 1048576K
}
Event: 4.416 GC heap before
{Heap before GC invocations=10 (full 0):
 garbage-first heap   total 49152K, used 16607K [0x00000000a1400000, 0x0000000100000000)
  region size 1024K, 4 young (4096K), 3 survivors (3072K)
 Metaspace       used 35820K, committed 36096K, reserved 1114112K
  class space    used 4499K, committed 4608K, reserved 1048576K
}
Event: 4.419 GC heap after
{Heap after GC invocations=11 (full 0):
 garbage-first heap   total 49152K, used 16851K [0x00000000a1400000, 0x0000000100000000)
  region size 1024K, 2 young (2048K), 2 survivors (2048K)
 Metaspace       used 35820K, committed 36096K, reserved 1114112K
  class space    used 4499K, committed 4608K, reserved 1048576K
}
Event: 4.848 GC heap before
{Heap before GC invocations=12 (full 0):
 garbage-first heap   total 49152K, used 38355K [0x00000000a1400000, 0x0000000100000000)
  region size 1024K, 23 young (23552K), 2 survivors (2048K)
 Metaspace       used 38971K, committed 39296K, reserved 1114112K
  class space    used 5004K, committed 5184K, reserved 1048576K
}
Event: 4.854 GC heap after
{Heap after GC invocations=13 (full 0):
 garbage-first heap   total 49152K, used 18670K [0x00000000a1400000, 0x0000000100000000)
  region size 1024K, 3 young (3072K), 3 survivors (3072K)
 Metaspace       used 38971K, committed 39296K, reserved 1114112K
  class space    used 5004K, committed 5184K, reserved 1048576K
}
Event: 5.193 GC heap before
{Heap before GC invocations=13 (full 0):
 garbage-first heap   total 49152K, used 37102K [0x00000000a1400000, 0x0000000100000000)
  region size 1024K, 22 young (22528K), 3 survivors (3072K)
 Metaspace       used 41403K, committed 41728K, reserved 1114112K
  class space    used 5286K, committed 5440K, reserved 1048576K
}
Event: 5.199 GC heap after
{Heap after GC invocations=14 (full 0):
 garbage-first heap   total 49152K, used 20508K [0x00000000a1400000, 0x0000000100000000)
  region size 1024K, 2 young (2048K), 2 survivors (2048K)
 Metaspace       used 41403K, committed 41728K, reserved 1114112K
  class space    used 5286K, committed 5440K, reserved 1048576K
}
Event: 5.594 GC heap before
{Heap before GC invocations=14 (full 0):
 garbage-first heap   total 49152K, used 37916K [0x00000000a1400000, 0x0000000100000000)
  region size 1024K, 19 young (19456K), 2 survivors (2048K)
 Metaspace       used 45083K, committed 45440K, reserved 1114112K
  class space    used 5856K, committed 6016K, reserved 1048576K
}
Event: 5.598 GC heap after
{Heap after GC invocations=15 (full 0):
 garbage-first heap   total 49152K, used 21561K [0x00000000a1400000, 0x0000000100000000)
  region size 1024K, 1 young (1024K), 1 survivors (1024K)
 Metaspace       used 45083K, committed 45440K, reserved 1114112K
  class space    used 5856K, committed 6016K, reserved 1048576K
}
Event: 6.197 GC heap before
{Heap before GC invocations=15 (full 0):
 garbage-first heap   total 49152K, used 37945K [0x00000000a1400000, 0x0000000100000000)
  region size 1024K, 18 young (18432K), 1 survivors (1024K)
 Metaspace       used 50398K, committed 50752K, reserved 1114112K
  class space    used 6623K, committed 6784K, reserved 1048576K
}
Event: 6.200 GC heap after
{Heap after GC invocations=16 (full 0):
 garbage-first heap   total 49152K, used 22553K [0x00000000a1400000, 0x0000000100000000)
  region size 1024K, 2 young (2048K), 2 survivors (2048K)
 Metaspace       used 50398K, committed 50752K, reserved 1114112K
  class space    used 6623K, committed 6784K, reserved 1048576K
}
Event: 6.619 GC heap before
{Heap before GC invocations=16 (full 0):
 garbage-first heap   total 49152K, used 38937K [0x00000000a1400000, 0x0000000100000000)
  region size 1024K, 18 young (18432K), 2 survivors (2048K)
 Metaspace       used 53145K, committed 53568K, reserved 1114112K
  class space    used 7004K, committed 7168K, reserved 1048576K
}
Event: 6.624 GC heap after
{Heap after GC invocations=17 (full 0):
 garbage-first heap   total 49152K, used 24449K [0x00000000a1400000, 0x0000000100000000)
  region size 1024K, 3 young (3072K), 3 survivors (3072K)
 Metaspace       used 53145K, committed 53568K, reserved 1114112K
  class space    used 7004K, committed 7168K, reserved 1048576K
}
Event: 6.892 GC heap before
{Heap before GC invocations=17 (full 0):
 garbage-first heap   total 49152K, used 38785K [0x00000000a1400000, 0x0000000100000000)
  region size 1024K, 17 young (17408K), 3 survivors (3072K)
 Metaspace       used 55579K, committed 55936K, reserved 1114112K
  class space    used 7436K, committed 7552K, reserved 1048576K
}
Event: 6.897 GC heap after
{Heap after GC invocations=18 (full 0):
 garbage-first heap   total 49152K, used 24984K [0x00000000a1400000, 0x0000000100000000)
  region size 1024K, 1 young (1024K), 1 survivors (1024K)
 Metaspace       used 55579K, committed 55936K, reserved 1114112K
  class space    used 7436K, committed 7552K, reserved 1048576K
}
Event: 7.110 GC heap before
{Heap before GC invocations=19 (full 0):
 garbage-first heap   total 49152K, used 39320K [0x00000000a1400000, 0x0000000100000000)
  region size 1024K, 15 young (15360K), 1 survivors (1024K)
 Metaspace       used 56063K, committed 56448K, reserved 1114112K
  class space    used 7541K, committed 7680K, reserved 1048576K
}
Event: 7.113 GC heap after
{Heap after GC invocations=20 (full 0):
 garbage-first heap   total 49152K, used 25271K [0x00000000a1400000, 0x0000000100000000)
  region size 1024K, 1 young (1024K), 1 survivors (1024K)
 Metaspace       used 56063K, committed 56448K, reserved 1114112K
  class space    used 7541K, committed 7680K, reserved 1048576K
}
Event: 7.227 GC heap before
{Heap before GC invocations=20 (full 0):
 garbage-first heap   total 49152K, used 40631K [0x00000000a1400000, 0x0000000100000000)
  region size 1024K, 16 young (16384K), 1 survivors (1024K)
 Metaspace       used 56349K, committed 56704K, reserved 1114112K
  class space    used 7588K, committed 7744K, reserved 1048576K
}

