# JRE version: OpenJDK Runtime Environment Temurin-17.0.7+7 (17.0.7+7) (build 17.0.7+7)
# Java VM: OpenJDK 64-Bit Server VM Temurin-17.0.7+7 (17.0.7+7, mixed mode, emulated-client, tiered, compressed oops, compressed class ptrs, g1 gc, windows-amd64)
GC Precious Log:
 CPUs: 4 total, 4 available
 Memory: 6058M
 Large Page Support: Disabled
 NUMA Support: Disabled
 Compressed Oops: Enabled (32-bit)
 Heap Region Size: 1M
 Heap Min Capacity: 8M
 Heap Initial Capacity: 96M
 Heap Max Capacity: 1516M
 Pre-touch: Disabled
 Parallel Workers: 4
 Concurrent Workers: 1
 Concurrent Refinement Workers: 4
 Periodic GC: Disabled
Heap:
 garbage-first heap   total 110592K, used 62761K [0x00000000a1400000, 0x0000000100000000)
  region size 1024K, 28 young (28672K), 7 survivors (7168K)
 Metaspace       used 75928K, committed 76544K, reserved 1179648K
  class space    used 10017K, committed 10304K, reserved 1048576K
GC Heap History (20 events):
Event: 5.758 GC heap before
{Heap before GC invocations=19 (full 0):
 garbage-first heap   total 76800K, used 63116K [0x00000000a1400000, 0x0000000100000000)
  region size 1024K, 43 young (44032K), 4 survivors (4096K)
 Metaspace       used 54171K, committed 54528K, reserved 1114112K
  class space    used 6993K, committed 7168K, reserved 1048576K
}
Event: 5.764 GC heap after
{Heap after GC invocations=20 (full 0):
 garbage-first heap   total 76800K, used 24844K [0x00000000a1400000, 0x0000000100000000)
  region size 1024K, 4 young (4096K), 4 survivors (4096K)
 Metaspace       used 54171K, committed 54528K, reserved 1114112K
  class space    used 6993K, committed 7168K, reserved 1048576K
}
Event: 6.173 GC heap before
{Heap before GC invocations=20 (full 0):
 garbage-first heap   total 76800K, used 61708K [0x00000000a1400000, 0x0000000100000000)
  region size 1024K, 41 young (41984K), 4 survivors (4096K)
 Metaspace       used 57205K, committed 57536K, reserved 1114112K
  class space    used 7483K, committed 7616K, reserved 1048576K
}
Event: 6.180 GC heap after
{Heap after GC invocations=21 (full 0):
 garbage-first heap   total 76800K, used 25543K [0x00000000a1400000, 0x0000000100000000)
  region size 1024K, 4 young (4096K), 4 survivors (4096K)
 Metaspace       used 57205K, committed 57536K, reserved 1114112K
  class space    used 7483K, committed 7616K, reserved 1048576K
}
Event: 6.536 GC heap before
{Heap before GC invocations=21 (full 0):
 garbage-first heap   total 76800K, used 63431K [0x00000000a1400000, 0x0000000100000000)
  region size 1024K, 41 young (41984K), 4 survivors (4096K)
 Metaspace       used 58427K, committed 58816K, reserved 1114112K
  class space    used 7688K, committed 7872K, reserved 1048576K
}
Event: 6.541 GC heap after
{Heap after GC invocations=22 (full 0):
 garbage-first heap   total 92160K, used 26406K [0x00000000a1400000, 0x0000000100000000)
  region size 1024K, 3 young (3072K), 3 survivors (3072K)
 Metaspace       used 58427K, committed 58816K, reserved 1114112K
  class space    used 7688K, committed 7872K, reserved 1048576K
}
Event: 7.134 GC heap before
{Heap before GC invocations=22 (full 0):
 garbage-first heap   total 92160K, used 54054K [0x00000000a1400000, 0x0000000100000000)
  region size 1024K, 31 young (31744K), 3 survivors (3072K)
 Metaspace       used 60097K, committed 60416K, reserved 1114112K
  class space    used 7932K, committed 8064K, reserved 1048576K
}
Event: 7.140 GC heap after
{Heap after GC invocations=23 (full 0):
 garbage-first heap   total 92160K, used 27288K [0x00000000a1400000, 0x0000000100000000)
  region size 1024K, 4 young (4096K), 4 survivors (4096K)
 Metaspace       used 60097K, committed 60416K, reserved 1114112K
  class space    used 7932K, committed 8064K, reserved 1048576K
}
Event: 7.784 GC heap before
{Heap before GC invocations=24 (full 0):
 garbage-first heap   total 92160K, used 78488K [0x00000000a1400000, 0x0000000100000000)
  region size 1024K, 54 young (55296K), 4 survivors (4096K)
 Metaspace       used 64289K, committed 64640K, reserved 1114112K
  class space    used 8506K, committed 8640K, reserved 1048576K
}
Event: 7.791 GC heap after
{Heap after GC invocations=25 (full 0):
 garbage-first heap   total 92160K, used 28624K [0x00000000a1400000, 0x0000000100000000)
  region size 1024K, 6 young (6144K), 6 survivors (6144K)
 Metaspace       used 64289K, committed 64640K, reserved 1114112K
  class space    used 8506K, committed 8640K, reserved 1048576K
}
Event: 8.215 GC heap before
{Heap before GC invocations=25 (full 0):
 garbage-first heap   total 92160K, used 75728K [0x00000000a1400000, 0x0000000100000000)
  region size 1024K, 52 young (53248K), 6 survivors (6144K)
 Metaspace       used 64860K, committed 65344K, reserved 1114112K
  class space    used 8579K, committed 8832K, reserved 1048576K
}
Event: 8.224 GC heap after
{Heap after GC invocations=26 (full 0):
 garbage-first heap   total 92160K, used 31117K [0x00000000a1400000, 0x0000000100000000)
  region size 1024K, 6 young (6144K), 6 survivors (6144K)
 Metaspace       used 64860K, committed 65344K, reserved 1114112K
  class space    used 8579K, committed 8832K, reserved 1048576K
}
Event: 8.666 GC heap before
{Heap before GC invocations=26 (full 0):
 garbage-first heap   total 92160K, used 76173K [0x00000000a1400000, 0x0000000100000000)
  region size 1024K, 50 young (51200K), 6 survivors (6144K)
 Metaspace       used 66561K, committed 66944K, reserved 1114112K
  class space    used 8813K, committed 9024K, reserved 1048576K
}
Event: 8.675 GC heap after
{Heap after GC invocations=27 (full 0):
 garbage-first heap   total 92160K, used 33356K [0x00000000a1400000, 0x0000000100000000)
  region size 1024K, 5 young (5120K), 5 survivors (5120K)
 Metaspace       used 66561K, committed 66944K, reserved 1114112K
  class space    used 8813K, committed 9024K, reserved 1048576K
}
Event: 9.053 GC heap before
{Heap before GC invocations=27 (full 0):
 garbage-first heap   total 92160K, used 75340K [0x00000000a1400000, 0x0000000100000000)
  region size 1024K, 47 young (48128K), 5 survivors (5120K)
 Metaspace       used 68770K, committed 69184K, reserved 1114112K
  class space    used 9075K, committed 9280K, reserved 1048576K
}
Event: 9.061 GC heap after
{Heap after GC invocations=28 (full 0):
 garbage-first heap   total 110592K, used 36538K [0x00000000a1400000, 0x0000000100000000)
  region size 1024K, 6 young (6144K), 6 survivors (6144K)
 Metaspace       used 68770K, committed 69184K, reserved 1114112K
  class space    used 9075K, committed 9280K, reserved 1048576K
}
Event: 21.696 GC heap before
{Heap before GC invocations=28 (full 0):
 garbage-first heap   total 110592K, used 94906K [0x00000000a1400000, 0x0000000100000000)
  region size 1024K, 58 young (59392K), 6 survivors (6144K)
 Metaspace       used 71600K, committed 72064K, reserved 1114112K
  class space    used 9451K, committed 9664K, reserved 1048576K
}
Event: 21.716 GC heap after
{Heap after GC invocations=29 (full 0):
 garbage-first heap   total 110592K, used 43394K [0x00000000a1400000, 0x0000000100000000)
  region size 1024K, 5 young (5120K), 5 survivors (5120K)
 Metaspace       used 71600K, committed 72064K, reserved 1114112K
  class space    used 9451K, committed 9664K, reserved 1048576K
}
Event: 23.199 GC heap before
{Heap before GC invocations=29 (full 0):
 garbage-first heap   total 110592K, used 95618K [0x00000000a1400000, 0x0000000100000000)
  region size 1024K, 52 young (53248K), 5 survivors (5120K)
 Metaspace       used 75318K, committed 75904K, reserved 1179648K
  class space    used 9905K, committed 10176K, reserved 1048576K
}
Event: 23.208 GC heap after
{Heap after GC invocations=30 (full 0):
 garbage-first heap   total 110592K, used 42281K [0x00000000a1400000, 0x0000000100000000)
  region size 1024K, 7 young (7168K), 7 survivors (7168K)
 Metaspace       used 75318K, committed 75904K, reserved 1179648K
  class space    used 9905K, committed 10176K, reserved 1048576K
}

