# JRE version: OpenJDK Runtime Environment Temurin-17.0.7+7 (17.0.7+7) (build 17.0.7+7)
# Java VM: OpenJDK 64-Bit Server VM Temurin-17.0.7+7 (17.0.7+7, mixed mode, emulated-client, tiered, compressed oops, compressed class ptrs, g1 gc, windows-amd64)
GC Precious Log:
 CPUs: 4 total, 4 available
 Memory: 6058M
 Large Page Support: Disabled
 NUMA Support: Disabled
 Compressed Oops: Enabled (32-bit)
 Heap Region Size: 1M
 Heap Min Capacity: 8M
 Heap Initial Capacity: 96M
 Heap Max Capacity: 1516M
 Pre-touch: Disabled
 Parallel Workers: 4
 Concurrent Workers: 1
 Concurrent Refinement Workers: 4
 Periodic GC: Disabled
Heap:
 garbage-first heap   total 55296K, used 39736K [0x00000000a1400000, 0x0000000100000000)
  region size 1024K, 19 young (19456K), 3 survivors (3072K)
 Metaspace       used 55796K, committed 56128K, reserved 1114112K
  class space    used 7476K, committed 7616K, reserved 1048576K
GC Heap History (20 events):
Event: 3.829 GC heap before
{Heap before GC invocations=6 (full 0):
 garbage-first heap   total 37888K, used 24427K [0x00000000a1400000, 0x0000000100000000)
  region size 1024K, 18 young (18432K), 5 survivors (5120K)
 Metaspace       used 27625K, committed 27904K, reserved 1114112K
  class space    used 3369K, committed 3520K, reserved 1048576K
}
Event: 3.839 GC heap after
{Heap after GC invocations=7 (full 0):
 garbage-first heap   total 46080K, used 13071K [0x00000000a1400000, 0x0000000100000000)
  region size 1024K, 2 young (2048K), 2 survivors (2048K)
 Metaspace       used 27625K, committed 27904K, reserved 1114112K
  class space    used 3369K, committed 3520K, reserved 1048576K
}
Event: 4.602 GC heap before
{Heap before GC invocations=7 (full 0):
 garbage-first heap   total 46080K, used 31503K [0x00000000a1400000, 0x0000000100000000)
  region size 1024K, 20 young (20480K), 2 survivors (2048K)
 Metaspace       used 31283K, committed 31552K, reserved 1114112K
  class space    used 3837K, committed 3968K, reserved 1048576K
}
Event: 4.606 GC heap after
{Heap after GC invocations=8 (full 0):
 garbage-first heap   total 46080K, used 13973K [0x00000000a1400000, 0x0000000100000000)
  region size 1024K, 3 young (3072K), 3 survivors (3072K)
 Metaspace       used 31283K, committed 31552K, reserved 1114112K
  class space    used 3837K, committed 3968K, reserved 1048576K
}
Event: 5.151 GC heap before
{Heap before GC invocations=8 (full 0):
 garbage-first heap   total 46080K, used 31381K [0x00000000a1400000, 0x0000000100000000)
  region size 1024K, 21 young (21504K), 3 survivors (3072K)
 Metaspace       used 32557K, committed 32832K, reserved 1114112K
  class space    used 4012K, committed 4160K, reserved 1048576K
}
Event: 5.157 GC heap after
{Heap after GC invocations=9 (full 0):
 garbage-first heap   total 46080K, used 15393K [0x00000000a1400000, 0x0000000100000000)
  region size 1024K, 3 young (3072K), 3 survivors (3072K)
 Metaspace       used 32557K, committed 32832K, reserved 1114112K
  class space    used 4012K, committed 4160K, reserved 1048576K
}
Event: 5.812 GC heap before
{Heap before GC invocations=9 (full 0):
 garbage-first heap   total 46080K, used 33825K [0x00000000a1400000, 0x0000000100000000)
  region size 1024K, 21 young (21504K), 3 survivors (3072K)
 Metaspace       used 34666K, committed 34944K, reserved 1114112K
  class space    used 4331K, committed 4480K, reserved 1048576K
}
Event: 5.818 GC heap after
{Heap after GC invocations=10 (full 0):
 garbage-first heap   total 46080K, used 16294K [0x00000000a1400000, 0x0000000100000000)
  region size 1024K, 3 young (3072K), 3 survivors (3072K)
 Metaspace       used 34666K, committed 34944K, reserved 1114112K
  class space    used 4331K, committed 4480K, reserved 1048576K
}
Event: 6.099 GC heap before
{Heap before GC invocations=10 (full 0):
 garbage-first heap   total 46080K, used 24486K [0x00000000a1400000, 0x0000000100000000)
  region size 1024K, 12 young (12288K), 3 survivors (3072K)
 Metaspace       used 35820K, committed 36096K, reserved 1114112K
  class space    used 4499K, committed 4608K, reserved 1048576K
}
Event: 6.105 GC heap after
{Heap after GC invocations=11 (full 0):
 garbage-first heap   total 46080K, used 16924K [0x00000000a1400000, 0x0000000100000000)
  region size 1024K, 2 young (2048K), 2 survivors (2048K)
 Metaspace       used 35820K, committed 36096K, reserved 1114112K
  class space    used 4499K, committed 4608K, reserved 1048576K
}
Event: 6.688 GC heap before
{Heap before GC invocations=12 (full 0):
 garbage-first heap   total 46080K, used 35356K [0x00000000a1400000, 0x0000000100000000)
  region size 1024K, 20 young (20480K), 2 survivors (2048K)
 Metaspace       used 38214K, committed 38592K, reserved 1114112K
  class space    used 4920K, committed 5120K, reserved 1048576K
}
Event: 6.696 GC heap after
{Heap after GC invocations=13 (full 0):
 garbage-first heap   total 46080K, used 18633K [0x00000000a1400000, 0x0000000100000000)
  region size 1024K, 3 young (3072K), 3 survivors (3072K)
 Metaspace       used 38214K, committed 38592K, reserved 1114112K
  class space    used 4920K, committed 5120K, reserved 1048576K
}
Event: 7.181 GC heap before
{Heap before GC invocations=13 (full 0):
 garbage-first heap   total 46080K, used 33993K [0x00000000a1400000, 0x0000000100000000)
  region size 1024K, 19 young (19456K), 3 survivors (3072K)
 Metaspace       used 40644K, committed 41024K, reserved 1114112K
  class space    used 5178K, committed 5376K, reserved 1048576K
}
Event: 7.189 GC heap after
{Heap after GC invocations=14 (full 0):
 garbage-first heap   total 46080K, used 20265K [0x00000000a1400000, 0x0000000100000000)
  region size 1024K, 2 young (2048K), 2 survivors (2048K)
 Metaspace       used 40644K, committed 41024K, reserved 1114112K
  class space    used 5178K, committed 5376K, reserved 1048576K
}
Event: 7.641 GC heap before
{Heap before GC invocations=14 (full 0):
 garbage-first heap   total 46080K, used 33577K [0x00000000a1400000, 0x0000000100000000)
  region size 1024K, 16 young (16384K), 2 survivors (2048K)
 Metaspace       used 42835K, committed 43136K, reserved 1114112K
  class space    used 5472K, committed 5632K, reserved 1048576K
}
Event: 7.647 GC heap after
{Heap after GC invocations=15 (full 0):
 garbage-first heap   total 55296K, used 21159K [0x00000000a1400000, 0x0000000100000000)
  region size 1024K, 1 young (1024K), 1 survivors (1024K)
 Metaspace       used 42835K, committed 43136K, reserved 1114112K
  class space    used 5472K, committed 5632K, reserved 1048576K
}
Event: 8.605 GC heap before
{Heap before GC invocations=15 (full 0):
 garbage-first heap   total 55296K, used 42663K [0x00000000a1400000, 0x0000000100000000)
  region size 1024K, 22 young (22528K), 1 survivors (1024K)
 Metaspace       used 49100K, committed 49408K, reserved 1114112K
  class space    used 6447K, committed 6592K, reserved 1048576K
}
Event: 8.611 GC heap after
{Heap after GC invocations=16 (full 0):
 garbage-first heap   total 55296K, used 22311K [0x00000000a1400000, 0x0000000100000000)
  region size 1024K, 2 young (2048K), 2 survivors (2048K)
 Metaspace       used 49100K, committed 49408K, reserved 1114112K
  class space    used 6447K, committed 6592K, reserved 1048576K
}
Event: 9.509 GC heap before
{Heap before GC invocations=16 (full 0):
 garbage-first heap   total 55296K, used 42791K [0x00000000a1400000, 0x0000000100000000)
  region size 1024K, 23 young (23552K), 2 survivors (2048K)
 Metaspace       used 53143K, committed 53568K, reserved 1114112K
  class space    used 7004K, committed 7168K, reserved 1048576K
}
Event: 9.517 GC heap after
{Heap after GC invocations=17 (full 0):
 garbage-first heap   total 55296K, used 24376K [0x00000000a1400000, 0x0000000100000000)
  region size 1024K, 3 young (3072K), 3 survivors (3072K)
 Metaspace       used 53143K, committed 53568K, reserved 1114112K
  class space    used 7004K, committed 7168K, reserved 1048576K
}

