# JRE version: OpenJDK Runtime Environment Temurin-17.0.7+7 (17.0.7+7) (build 17.0.7+7)
# Java VM: OpenJDK 64-Bit Server VM Temurin-17.0.7+7 (17.0.7+7, mixed mode, emulated-client, tiered, compressed oops, compressed class ptrs, g1 gc, windows-amd64)
GC Precious Log:
 CPUs: 4 total, 4 available
 Memory: 6058M
 Large Page Support: Disabled
 NUMA Support: Disabled
 Compressed Oops: Enabled (32-bit)
 Heap Region Size: 1M
 Heap Min Capacity: 8M
 Heap Initial Capacity: 96M
 Heap Max Capacity: 1516M
 Pre-touch: Disabled
 Parallel Workers: 4
 Concurrent Workers: 1
 Concurrent Refinement Workers: 4
 Periodic GC: Disabled
Heap:
 garbage-first heap   total 93184K, used 36052K [0x00000000a1400000, 0x0000000100000000)
  region size 1024K, 2 young (2048K), 2 survivors (2048K)
 Metaspace       used 66675K, committed 67136K, reserved 1114112K
  class space    used 8985K, committed 9216K, reserved 1048576K
GC Heap History (20 events):
Event: 6.347 GC heap after
{Heap after GC invocations=19 (full 0):
 garbage-first heap   total 46080K, used 24242K [0x00000000a1400000, 0x0000000100000000)
  region size 1024K, 1 young (1024K), 1 survivors (1024K)
 Metaspace       used 53127K, committed 53504K, reserved 1114112K
  class space    used 7001K, committed 7168K, reserved 1048576K
}
Event: 6.656 GC heap before
{Heap before GC invocations=20 (full 0):
 garbage-first heap   total 46080K, used 36530K [0x00000000a1400000, 0x0000000100000000)
  region size 1024K, 13 young (13312K), 1 survivors (1024K)
 Metaspace       used 55447K, committed 55808K, reserved 1114112K
  class space    used 7444K, committed 7616K, reserved 1048576K
}
Event: 6.659 GC heap after
{Heap after GC invocations=21 (full 0):
 garbage-first heap   total 46080K, used 24721K [0x00000000a1400000, 0x0000000100000000)
  region size 1024K, 2 young (2048K), 2 survivors (2048K)
 Metaspace       used 55447K, committed 55808K, reserved 1114112K
  class space    used 7444K, committed 7616K, reserved 1048576K
}
Event: 6.826 GC heap before
{Heap before GC invocations=21 (full 0):
 garbage-first heap   total 46080K, used 37009K [0x00000000a1400000, 0x0000000100000000)
  region size 1024K, 14 young (14336K), 2 survivors (2048K)
 Metaspace       used 55943K, committed 56320K, reserved 1114112K
  class space    used 7533K, committed 7680K, reserved 1048576K
}
Event: 6.829 GC heap after
{Heap after GC invocations=22 (full 0):
 garbage-first heap   total 55296K, used 25022K [0x00000000a1400000, 0x0000000100000000)
  region size 1024K, 1 young (1024K), 1 survivors (1024K)
 Metaspace       used 55943K, committed 56320K, reserved 1114112K
  class space    used 7533K, committed 7680K, reserved 1048576K
}
Event: 7.021 GC heap before
{Heap before GC invocations=23 (full 0):
 garbage-first heap   total 55296K, used 44478K [0x00000000a1400000, 0x0000000100000000)
  region size 1024K, 20 young (20480K), 1 survivors (1024K)
 Metaspace       used 56792K, committed 57152K, reserved 1114112K
  class space    used 7656K, committed 7808K, reserved 1048576K
}
Event: 7.023 GC heap after
{Heap after GC invocations=24 (full 0):
 garbage-first heap   total 55296K, used 25367K [0x00000000a1400000, 0x0000000100000000)
  region size 1024K, 2 young (2048K), 2 survivors (2048K)
 Metaspace       used 56792K, committed 57152K, reserved 1114112K
  class space    used 7656K, committed 7808K, reserved 1048576K
}
Event: 7.829 GC heap before
{Heap before GC invocations=24 (full 0):
 garbage-first heap   total 55296K, used 44823K [0x00000000a1400000, 0x0000000100000000)
  region size 1024K, 21 young (21504K), 2 survivors (2048K)
 Metaspace       used 59830K, committed 60288K, reserved 1114112K
  class space    used 8060K, committed 8320K, reserved 1048576K
}
Event: 7.835 GC heap after
{Heap after GC invocations=25 (full 0):
 garbage-first heap   total 55296K, used 26786K [0x00000000a1400000, 0x0000000100000000)
  region size 1024K, 3 young (3072K), 3 survivors (3072K)
 Metaspace       used 59830K, committed 60288K, reserved 1114112K
  class space    used 8060K, committed 8320K, reserved 1048576K
}
Event: 8.105 GC heap before
{Heap before GC invocations=25 (full 0):
 garbage-first heap   total 55296K, used 44194K [0x00000000a1400000, 0x0000000100000000)
  region size 1024K, 20 young (20480K), 3 survivors (3072K)
 Metaspace       used 62110K, committed 62528K, reserved 1114112K
  class space    used 8368K, committed 8576K, reserved 1048576K
}
Event: 8.110 GC heap after
{Heap after GC invocations=26 (full 0):
 garbage-first heap   total 55296K, used 27855K [0x00000000a1400000, 0x0000000100000000)
  region size 1024K, 3 young (3072K), 3 survivors (3072K)
 Metaspace       used 62110K, committed 62528K, reserved 1114112K
  class space    used 8368K, committed 8576K, reserved 1048576K
}
Event: 8.241 GC heap before
{Heap before GC invocations=26 (full 0):
 garbage-first heap   total 55296K, used 45263K [0x00000000a1400000, 0x0000000100000000)
  region size 1024K, 20 young (20480K), 3 survivors (3072K)
 Metaspace       used 62346K, committed 62784K, reserved 1114112K
  class space    used 8402K, committed 8640K, reserved 1048576K
}
Event: 8.245 GC heap after
{Heap after GC invocations=27 (full 0):
 garbage-first heap   total 55296K, used 28916K [0x00000000a1400000, 0x0000000100000000)
  region size 1024K, 2 young (2048K), 2 survivors (2048K)
 Metaspace       used 62346K, committed 62784K, reserved 1114112K
  class space    used 8402K, committed 8640K, reserved 1048576K
}
Event: 8.428 GC heap before
{Heap before GC invocations=28 (full 0):
 garbage-first heap   total 63488K, used 45300K [0x00000000a1400000, 0x0000000100000000)
  region size 1024K, 18 young (18432K), 2 survivors (2048K)
 Metaspace       used 62636K, committed 63104K, reserved 1114112K
  class space    used 8457K, committed 8704K, reserved 1048576K
}
Event: 8.433 GC heap after
{Heap after GC invocations=29 (full 0):
 garbage-first heap   total 63488K, used 29865K [0x00000000a1400000, 0x0000000100000000)
  region size 1024K, 2 young (2048K), 2 survivors (2048K)
 Metaspace       used 62636K, committed 63104K, reserved 1114112K
  class space    used 8457K, committed 8704K, reserved 1048576K
}
Event: 8.825 GC heap before
{Heap before GC invocations=29 (full 0):
 garbage-first heap   total 63488K, used 50345K [0x00000000a1400000, 0x0000000100000000)
  region size 1024K, 23 young (23552K), 2 survivors (2048K)
 Metaspace       used 65581K, committed 65984K, reserved 1114112K
  class space    used 8830K, committed 9024K, reserved 1048576K
}
Event: 8.831 GC heap after
{Heap after GC invocations=30 (full 0):
 garbage-first heap   total 63488K, used 32096K [0x00000000a1400000, 0x0000000100000000)
  region size 1024K, 3 young (3072K), 3 survivors (3072K)
 Metaspace       used 65581K, committed 65984K, reserved 1114112K
  class space    used 8830K, committed 9024K, reserved 1048576K
}
Event: 8.955 GC heap before
{Heap before GC invocations=31 (full 0):
 garbage-first heap   total 63488K, used 50528K [0x00000000a1400000, 0x0000000100000000)
  region size 1024K, 21 young (21504K), 3 survivors (3072K)
 Metaspace       used 65920K, committed 66304K, reserved 1114112K
  class space    used 8875K, committed 9024K, reserved 1048576K
}
Event: 8.961 GC heap after
{Heap after GC invocations=32 (full 0):
 garbage-first heap   total 63488K, used 34696K [0x00000000a1400000, 0x0000000100000000)
  region size 1024K, 3 young (3072K), 3 survivors (3072K)
 Metaspace       used 65920K, committed 66304K, reserved 1114112K
  class space    used 8875K, committed 9024K, reserved 1048576K
}
Event: 9.163 GC heap before
{Heap before GC invocations=32 (full 0):
 garbage-first heap   total 63488K, used 51080K [0x00000000a1400000, 0x0000000100000000)
  region size 1024K, 19 young (19456K), 3 survivors (3072K)
 Metaspace       used 66675K, committed 67136K, reserved 1114112K
  class space    used 8985K, committed 9216K, reserved 1048576K
}

