# JRE version: OpenJDK Runtime Environment Temurin-17.0.7+7 (17.0.7+7) (build 17.0.7+7)
# Java VM: OpenJDK 64-Bit Server VM Temurin-17.0.7+7 (17.0.7+7, mixed mode, emulated-client, tiered, compressed oops, compressed class ptrs, g1 gc, windows-amd64)
GC Precious Log:
 CPUs: 4 total, 4 available
 Memory: 6058M
 Large Page Support: Disabled
 NUMA Support: Disabled
 Compressed Oops: Enabled (32-bit)
 Heap Region Size: 1M
 Heap Min Capacity: 8M
 Heap Initial Capacity: 96M
 Heap Max Capacity: 1516M
 Pre-touch: Disabled
 Parallel Workers: 4
 Concurrent Workers: 1
 Concurrent Refinement Workers: 4
 Periodic GC: Disabled
Heap:
 garbage-first heap   total 98304K, used 25024K [0x00000000a1400000, 0x0000000100000000)
  region size 1024K, 3 young (3072K), 3 survivors (3072K)
 Metaspace       used 57871K, committed 58240K, reserved 1114112K
  class space    used 7623K, committed 7808K, reserved 1048576K
GC Heap History (20 events):
Event: 3.209 GC heap after
{Heap after GC invocations=10 (full 0):
 garbage-first heap   total 83968K, used 13367K [0x00000000a1400000, 0x0000000100000000)
  region size 1024K, 4 young (4096K), 4 survivors (4096K)
 Metaspace       used 31091K, committed 31360K, reserved 1114112K
  class space    used 3685K, committed 3840K, reserved 1048576K
}
Event: 3.568 GC heap before
{Heap before GC invocations=10 (full 0):
 garbage-first heap   total 83968K, used 58423K [0x00000000a1400000, 0x0000000100000000)
  region size 1024K, 49 young (50176K), 4 survivors (4096K)
 Metaspace       used 34213K, committed 34560K, reserved 1114112K
  class space    used 4110K, committed 4288K, reserved 1048576K
}
Event: 3.574 GC heap after
{Heap after GC invocations=11 (full 0):
 garbage-first heap   total 83968K, used 14940K [0x00000000a1400000, 0x0000000100000000)
  region size 1024K, 5 young (5120K), 5 survivors (5120K)
 Metaspace       used 34213K, committed 34560K, reserved 1114112K
  class space    used 4110K, committed 4288K, reserved 1048576K
}
Event: 3.969 GC heap before
{Heap before GC invocations=11 (full 0):
 garbage-first heap   total 83968K, used 48732K [0x00000000a1400000, 0x0000000100000000)
  region size 1024K, 39 young (39936K), 5 survivors (5120K)
 Metaspace       used 35823K, committed 36096K, reserved 1114112K
  class space    used 4352K, committed 4480K, reserved 1048576K
}
Event: 3.976 GC heap after
{Heap after GC invocations=12 (full 0):
 garbage-first heap   total 83968K, used 15852K [0x00000000a1400000, 0x0000000100000000)
  region size 1024K, 4 young (4096K), 4 survivors (4096K)
 Metaspace       used 35823K, committed 36096K, reserved 1114112K
  class space    used 4352K, committed 4480K, reserved 1048576K
}
Event: 4.378 GC heap before
{Heap before GC invocations=13 (full 0):
 garbage-first heap   total 61440K, used 48620K [0x00000000a1400000, 0x0000000100000000)
  region size 1024K, 36 young (36864K), 4 survivors (4096K)
 Metaspace       used 38051K, committed 38336K, reserved 1114112K
  class space    used 4683K, committed 4800K, reserved 1048576K
}
Event: 4.383 GC heap after
{Heap after GC invocations=14 (full 0):
 garbage-first heap   total 61440K, used 17123K [0x00000000a1400000, 0x0000000100000000)
  region size 1024K, 4 young (4096K), 4 survivors (4096K)
 Metaspace       used 38051K, committed 38336K, reserved 1114112K
  class space    used 4683K, committed 4800K, reserved 1048576K
}
Event: 4.397 GC heap before
{Heap before GC invocations=14 (full 0):
 garbage-first heap   total 61440K, used 18147K [0x00000000a1400000, 0x0000000100000000)
  region size 1024K, 5 young (5120K), 4 survivors (4096K)
 Metaspace       used 38111K, committed 38464K, reserved 1114112K
  class space    used 4696K, committed 4864K, reserved 1048576K
}
Event: 4.401 GC heap after
{Heap after GC invocations=15 (full 0):
 garbage-first heap   total 73728K, used 17377K [0x00000000a1400000, 0x0000000100000000)
  region size 1024K, 1 young (1024K), 1 survivors (1024K)
 Metaspace       used 38111K, committed 38464K, reserved 1114112K
  class space    used 4696K, committed 4864K, reserved 1048576K
}
Event: 4.851 GC heap before
{Heap before GC invocations=15 (full 0):
 garbage-first heap   total 73728K, used 58337K [0x00000000a1400000, 0x0000000100000000)
  region size 1024K, 41 young (41984K), 1 survivors (1024K)
 Metaspace       used 41594K, committed 41920K, reserved 1114112K
  class space    used 5208K, committed 5376K, reserved 1048576K
}
Event: 4.855 GC heap after
{Heap after GC invocations=16 (full 0):
 garbage-first heap   total 73728K, used 19443K [0x00000000a1400000, 0x0000000100000000)
  region size 1024K, 3 young (3072K), 3 survivors (3072K)
 Metaspace       used 41594K, committed 41920K, reserved 1114112K
  class space    used 5208K, committed 5376K, reserved 1048576K
}
Event: 5.269 GC heap before
{Heap before GC invocations=16 (full 0):
 garbage-first heap   total 73728K, used 57331K [0x00000000a1400000, 0x0000000100000000)
  region size 1024K, 41 young (41984K), 3 survivors (3072K)
 Metaspace       used 44420K, committed 44800K, reserved 1114112K
  class space    used 5546K, committed 5696K, reserved 1048576K
}
Event: 5.275 GC heap after
{Heap after GC invocations=17 (full 0):
 garbage-first heap   total 73728K, used 20801K [0x00000000a1400000, 0x0000000100000000)
  region size 1024K, 4 young (4096K), 4 survivors (4096K)
 Metaspace       used 44420K, committed 44800K, reserved 1114112K
  class space    used 5546K, committed 5696K, reserved 1048576K
}
Event: 5.616 GC heap before
{Heap before GC invocations=17 (full 0):
 garbage-first heap   total 73728K, used 58689K [0x00000000a1400000, 0x0000000100000000)
  region size 1024K, 41 young (41984K), 4 survivors (4096K)
 Metaspace       used 48022K, committed 48320K, reserved 1114112K
  class space    used 6202K, committed 6336K, reserved 1048576K
}
Event: 5.623 GC heap after
{Heap after GC invocations=18 (full 0):
 garbage-first heap   total 73728K, used 21717K [0x00000000a1400000, 0x0000000100000000)
  region size 1024K, 3 young (3072K), 3 survivors (3072K)
 Metaspace       used 48022K, committed 48320K, reserved 1114112K
  class space    used 6202K, committed 6336K, reserved 1048576K
}
Event: 6.046 GC heap before
{Heap before GC invocations=18 (full 0):
 garbage-first heap   total 73728K, used 59605K [0x00000000a1400000, 0x0000000100000000)
  region size 1024K, 40 young (40960K), 3 survivors (3072K)
 Metaspace       used 52231K, committed 52608K, reserved 1114112K
  class space    used 6727K, committed 6912K, reserved 1048576K
}
Event: 6.050 GC heap after
{Heap after GC invocations=19 (full 0):
 garbage-first heap   total 73728K, used 22467K [0x00000000a1400000, 0x0000000100000000)
  region size 1024K, 4 young (4096K), 4 survivors (4096K)
 Metaspace       used 52231K, committed 52608K, reserved 1114112K
  class space    used 6727K, committed 6912K, reserved 1048576K
}
Event: 6.534 GC heap before
{Heap before GC invocations=19 (full 0):
 garbage-first heap   total 73728K, used 59331K [0x00000000a1400000, 0x0000000100000000)
  region size 1024K, 40 young (40960K), 4 survivors (4096K)
 Metaspace       used 54900K, committed 55232K, reserved 1114112K
  class space    used 7097K, committed 7232K, reserved 1048576K
}
Event: 6.540 GC heap after
{Heap after GC invocations=20 (full 0):
 garbage-first heap   total 73728K, used 24181K [0x00000000a1400000, 0x0000000100000000)
  region size 1024K, 4 young (4096K), 4 survivors (4096K)
 Metaspace       used 54900K, committed 55232K, reserved 1114112K
  class space    used 7097K, committed 7232K, reserved 1048576K
}
Event: 6.911 GC heap before
{Heap before GC invocations=20 (full 0):
 garbage-first heap   total 73728K, used 58997K [0x00000000a1400000, 0x0000000100000000)
  region size 1024K, 38 young (38912K), 4 survivors (4096K)
 Metaspace       used 57871K, committed 58240K, reserved 1114112K
  class space    used 7623K, committed 7808K, reserved 1048576K
}

