# JRE version: OpenJDK Runtime Environment Temurin-17.0.7+7 (17.0.7+7) (build 17.0.7+7)
# Java VM: OpenJDK 64-Bit Server VM Temurin-17.0.7+7 (17.0.7+7, mixed mode, emulated-client, tiered, compressed oops, compressed class ptrs, g1 gc, windows-amd64)
GC Precious Log:
 CPUs: 4 total, 4 available
 Memory: 6058M
 Large Page Support: Disabled
 NUMA Support: Disabled
 Compressed Oops: Enabled (32-bit)
 Heap Region Size: 1M
 Heap Min Capacity: 8M
 Heap Initial Capacity: 96M
 Heap Max Capacity: 1516M
 Pre-touch: Disabled
 Parallel Workers: 4
 Concurrent Workers: 1
 Concurrent Refinement Workers: 4
 Periodic GC: Disabled
Heap:
 garbage-first heap   total 140288K, used 52919K [0x00000000a1400000, 0x0000000100000000)
  region size 1024K, 15 young (15360K), 1 survivors (1024K)
 Metaspace       used 75534K, committed 76160K, reserved 1179648K
  class space    used 10201K, committed 10496K, reserved 1048576K
GC Heap History (20 events):
Event: 98.695 GC heap before
{Heap before GC invocations=29 (full 0):
 garbage-first heap   total 79872K, used 64427K [0x00000000a1400000, 0x0000000100000000)
  region size 1024K, 25 young (25600K), 3 survivors (3072K)
 Metaspace       used 74659K, committed 75392K, reserved 1179648K
  class space    used 10063K, committed 10432K, reserved 1048576K
}
Event: 98.700 GC heap after
{Heap after GC invocations=30 (full 0):
 garbage-first heap   total 79872K, used 42461K [0x00000000a1400000, 0x0000000100000000)
  region size 1024K, 1 young (1024K), 1 survivors (1024K)
 Metaspace       used 74659K, committed 75392K, reserved 1179648K
  class space    used 10063K, committed 10432K, reserved 1048576K
}
Event: 201.204 GC heap before
{Heap before GC invocations=31 (full 0):
 garbage-first heap   total 79872K, used 64989K [0x00000000a1400000, 0x0000000100000000)
  region size 1024K, 23 young (23552K), 1 survivors (1024K)
 Metaspace       used 74460K, committed 75392K, reserved 1179648K
  class space    used 10023K, committed 10432K, reserved 1048576K
}
Event: 201.208 GC heap after
{Heap after GC invocations=32 (full 0):
 garbage-first heap   total 79872K, used 43074K [0x00000000a1400000, 0x0000000100000000)
  region size 1024K, 2 young (2048K), 2 survivors (2048K)
 Metaspace       used 74460K, committed 75392K, reserved 1179648K
  class space    used 10023K, committed 10432K, reserved 1048576K
}
Event: 201.212 GC heap before
{Heap before GC invocations=32 (full 0):
 garbage-first heap   total 79872K, used 44098K [0x00000000a1400000, 0x0000000100000000)
  region size 1024K, 3 young (3072K), 2 survivors (2048K)
 Metaspace       used 74460K, committed 75392K, reserved 1179648K
  class space    used 10023K, committed 10432K, reserved 1048576K
}
Event: 201.224 GC heap after
{Heap after GC invocations=33 (full 0):
 garbage-first heap   total 79872K, used 39859K [0x00000000a1400000, 0x0000000100000000)
  region size 1024K, 1 young (1024K), 1 survivors (1024K)
 Metaspace       used 74460K, committed 75392K, reserved 1179648K
  class space    used 10023K, committed 10432K, reserved 1048576K
}
Event: 201.232 GC heap before
{Heap before GC invocations=33 (full 0):
 garbage-first heap   total 79872K, used 41907K [0x00000000a1400000, 0x0000000100000000)
  region size 1024K, 3 young (3072K), 1 survivors (1024K)
 Metaspace       used 74460K, committed 75392K, reserved 1179648K
  class space    used 10023K, committed 10432K, reserved 1048576K
}
Event: 201.236 GC heap after
{Heap after GC invocations=34 (full 0):
 garbage-first heap   total 79872K, used 39591K [0x00000000a1400000, 0x0000000100000000)
  region size 1024K, 1 young (1024K), 1 survivors (1024K)
 Metaspace       used 74460K, committed 75392K, reserved 1179648K
  class space    used 10023K, committed 10432K, reserved 1048576K
}
Event: 271.899 GC heap before
{Heap before GC invocations=34 (full 0):
 garbage-first heap   total 79872K, used 64167K [0x00000000a1400000, 0x0000000100000000)
  region size 1024K, 25 young (25600K), 1 survivors (1024K)
 Metaspace       used 74521K, committed 75392K, reserved 1179648K
  class space    used 10038K, committed 10432K, reserved 1048576K
}
Event: 271.902 GC heap after
{Heap after GC invocations=35 (full 0):
 garbage-first heap   total 239616K, used 39827K [0x00000000a1400000, 0x0000000100000000)
  region size 1024K, 1 young (1024K), 1 survivors (1024K)
 Metaspace       used 74521K, committed 75392K, reserved 1179648K
  class space    used 10038K, committed 10432K, reserved 1048576K
}
Event: 713.601 GC heap before
{Heap before GC invocations=36 (full 0):
 garbage-first heap   total 140288K, used 125843K [0x00000000a1400000, 0x0000000100000000)
  region size 1024K, 86 young (88064K), 1 survivors (1024K)
 Metaspace       used 74554K, committed 75392K, reserved 1179648K
  class space    used 10045K, committed 10432K, reserved 1048576K
}
Event: 713.604 GC heap after
{Heap after GC invocations=37 (full 0):
 garbage-first heap   total 140288K, used 39768K [0x00000000a1400000, 0x0000000100000000)
  region size 1024K, 1 young (1024K), 1 survivors (1024K)
 Metaspace       used 74554K, committed 75392K, reserved 1179648K
  class space    used 10045K, committed 10432K, reserved 1048576K
}
Event: 720.715 GC heap before
{Heap before GC invocations=37 (full 0):
 garbage-first heap   total 140288K, used 44888K [0x00000000a1400000, 0x0000000100000000)
  region size 1024K, 6 young (6144K), 1 survivors (1024K)
 Metaspace       used 74594K, committed 75392K, reserved 1179648K
  class space    used 10054K, committed 10432K, reserved 1048576K
}
Event: 720.724 GC heap after
{Heap after GC invocations=38 (full 0):
 garbage-first heap   total 140288K, used 38852K [0x00000000a1400000, 0x0000000100000000)
  region size 1024K, 1 young (1024K), 1 survivors (1024K)
 Metaspace       used 74594K, committed 75392K, reserved 1179648K
  class space    used 10054K, committed 10432K, reserved 1048576K
}
Event: 1145.090 GC heap before
{Heap before GC invocations=38 (full 0):
 garbage-first heap   total 140288K, used 118724K [0x00000000a1400000, 0x0000000100000000)
  region size 1024K, 80 young (81920K), 1 survivors (1024K)
 Metaspace       used 75442K, committed 76096K, reserved 1179648K
  class space    used 10182K, committed 10496K, reserved 1048576K
}
Event: 1145.093 GC heap after
{Heap after GC invocations=39 (full 0):
 garbage-first heap   total 140288K, used 39274K [0x00000000a1400000, 0x0000000100000000)
  region size 1024K, 1 young (1024K), 1 survivors (1024K)
 Metaspace       used 75442K, committed 76096K, reserved 1179648K
  class space    used 10182K, committed 10496K, reserved 1048576K
}
Event: 1606.604 GC heap before
{Heap before GC invocations=39 (full 0):
 garbage-first heap   total 140288K, used 121194K [0x00000000a1400000, 0x0000000100000000)
  region size 1024K, 81 young (82944K), 1 survivors (1024K)
 Metaspace       used 75442K, committed 76096K, reserved 1179648K
  class space    used 10182K, committed 10496K, reserved 1048576K
}
Event: 1606.607 GC heap after
{Heap after GC invocations=40 (full 0):
 garbage-first heap   total 140288K, used 39051K [0x00000000a1400000, 0x0000000100000000)
  region size 1024K, 1 young (1024K), 1 survivors (1024K)
 Metaspace       used 75442K, committed 76096K, reserved 1179648K
  class space    used 10182K, committed 10496K, reserved 1048576K
}
Event: 2055.089 GC heap before
{Heap before GC invocations=40 (full 0):
 garbage-first heap   total 140288K, used 121995K [0x00000000a1400000, 0x0000000100000000)
  region size 1024K, 82 young (83968K), 1 survivors (1024K)
 Metaspace       used 75448K, committed 76096K, reserved 1179648K
  class space    used 10183K, committed 10496K, reserved 1048576K
}
Event: 2055.091 GC heap after
{Heap after GC invocations=41 (full 0):
 garbage-first heap   total 140288K, used 39607K [0x00000000a1400000, 0x0000000100000000)
  region size 1024K, 1 young (1024K), 1 survivors (1024K)
 Metaspace       used 75448K, committed 76096K, reserved 1179648K
  class space    used 10183K, committed 10496K, reserved 1048576K
}

