# JRE version: OpenJDK Runtime Environment Temurin-17.0.7+7 (17.0.7+7) (build 17.0.7+7)
# Java VM: OpenJDK 64-Bit Server VM Temurin-17.0.7+7 (17.0.7+7, mixed mode, emulated-client, tiered, compressed oops, compressed class ptrs, g1 gc, windows-amd64)
GC Precious Log:
 CPUs: 4 total, 4 available
 Memory: 6058M
 Large Page Support: Disabled
 NUMA Support: Disabled
 Compressed Oops: Enabled (32-bit)
 Heap Region Size: 1M
 Heap Min Capacity: 8M
 Heap Initial Capacity: 96M
 Heap Max Capacity: 1516M
 Pre-touch: Disabled
 Parallel Workers: 4
 Concurrent Workers: 1
 Concurrent Refinement Workers: 4
 Periodic GC: Disabled
Heap:
 garbage-first heap   total 81920K, used 16423K [0x00000000a1400000, 0x0000000100000000)
  region size 1024K, 5 young (5120K), 4 survivors (4096K)
 Metaspace       used 35930K, committed 36288K, reserved 1114112K
  class space    used 4513K, committed 4672K, reserved 1048576K
GC Heap History (18 events):
Event: 1.070 GC heap before
{Heap before GC invocations=0 (full 0):
 garbage-first heap   total 98304K, used 13312K [0x00000000a1400000, 0x0000000100000000)
  region size 1024K, 13 young (13312K), 0 survivors (0K)
 Metaspace       used 12330K, committed 12480K, reserved 1114112K
  class space    used 1242K, committed 1344K, reserved 1048576K
}
Event: 1.078 GC heap after
{Heap after GC invocations=1 (full 0):
 garbage-first heap   total 98304K, used 6733K [0x00000000a1400000, 0x0000000100000000)
  region size 1024K, 2 young (2048K), 2 survivors (2048K)
 Metaspace       used 12330K, committed 12480K, reserved 1114112K
  class space    used 1242K, committed 1344K, reserved 1048576K
}
Event: 1.390 GC heap before
{Heap before GC invocations=1 (full 0):
 garbage-first heap   total 98304K, used 15949K [0x00000000a1400000, 0x0000000100000000)
  region size 1024K, 11 young (11264K), 2 survivors (2048K)
 Metaspace       used 15579K, committed 15808K, reserved 1114112K
  class space    used 1655K, committed 1792K, reserved 1048576K
}
Event: 1.396 GC heap after
{Heap after GC invocations=2 (full 0):
 garbage-first heap   total 98304K, used 8325K [0x00000000a1400000, 0x0000000100000000)
  region size 1024K, 2 young (2048K), 2 survivors (2048K)
 Metaspace       used 15579K, committed 15808K, reserved 1114112K
  class space    used 1655K, committed 1792K, reserved 1048576K
}
Event: 1.936 GC heap before
{Heap before GC invocations=2 (full 0):
 garbage-first heap   total 98304K, used 29829K [0x00000000a1400000, 0x0000000100000000)
  region size 1024K, 24 young (24576K), 2 survivors (2048K)
 Metaspace       used 20194K, committed 20480K, reserved 1114112K
  class space    used 2322K, committed 2432K, reserved 1048576K
}
Event: 1.942 GC heap after
{Heap after GC invocations=3 (full 0):
 garbage-first heap   total 98304K, used 9917K [0x00000000a1400000, 0x0000000100000000)
  region size 1024K, 3 young (3072K), 3 survivors (3072K)
 Metaspace       used 20194K, committed 20480K, reserved 1114112K
  class space    used 2322K, committed 2432K, reserved 1048576K
}
Event: 2.008 GC heap before
{Heap before GC invocations=3 (full 0):
 garbage-first heap   total 98304K, used 12989K [0x00000000a1400000, 0x0000000100000000)
  region size 1024K, 8 young (8192K), 3 survivors (3072K)
 Metaspace       used 21296K, committed 21504K, reserved 1114112K
  class space    used 2495K, committed 2624K, reserved 1048576K
}
Event: 2.013 GC heap after
{Heap after GC invocations=4 (full 0):
 garbage-first heap   total 98304K, used 10038K [0x00000000a1400000, 0x0000000100000000)
  region size 1024K, 4 young (4096K), 4 survivors (4096K)
 Metaspace       used 21296K, committed 21504K, reserved 1114112K
  class space    used 2495K, committed 2624K, reserved 1048576K
}
Event: 2.338 GC heap before
{Heap before GC invocations=5 (full 0):
 garbage-first heap   total 40960K, used 29494K [0x00000000a1400000, 0x0000000100000000)
  region size 1024K, 25 young (25600K), 4 survivors (4096K)
 Metaspace       used 25245K, committed 25472K, reserved 1114112K
  class space    used 3081K, committed 3200K, reserved 1048576K
}
Event: 2.345 GC heap after
{Heap after GC invocations=6 (full 0):
 garbage-first heap   total 40960K, used 11965K [0x00000000a1400000, 0x0000000100000000)
  region size 1024K, 5 young (5120K), 5 survivors (5120K)
 Metaspace       used 25245K, committed 25472K, reserved 1114112K
  class space    used 3081K, committed 3200K, reserved 1048576K
}
Event: 2.358 GC heap before
{Heap before GC invocations=6 (full 0):
 garbage-first heap   total 40960K, used 12989K [0x00000000a1400000, 0x0000000100000000)
  region size 1024K, 6 young (6144K), 5 survivors (5120K)
 Metaspace       used 25511K, committed 25856K, reserved 1114112K
  class space    used 3110K, committed 3264K, reserved 1048576K
}
Event: 2.365 GC heap after
{Heap after GC invocations=7 (full 0):
 garbage-first heap   total 40960K, used 12431K [0x00000000a1400000, 0x0000000100000000)
  region size 1024K, 1 young (1024K), 1 survivors (1024K)
 Metaspace       used 25511K, committed 25856K, reserved 1114112K
  class space    used 3110K, committed 3264K, reserved 1048576K
}
Event: 2.579 GC heap before
{Heap before GC invocations=7 (full 0):
 garbage-first heap   total 40960K, used 26767K [0x00000000a1400000, 0x0000000100000000)
  region size 1024K, 16 young (16384K), 1 survivors (1024K)
 Metaspace       used 29284K, committed 29568K, reserved 1114112K
  class space    used 3559K, committed 3712K, reserved 1048576K
}
Event: 2.583 GC heap after
{Heap after GC invocations=8 (full 0):
 garbage-first heap   total 81920K, used 12762K [0x00000000a1400000, 0x0000000100000000)
  region size 1024K, 2 young (2048K), 2 survivors (2048K)
 Metaspace       used 29284K, committed 29568K, reserved 1114112K
  class space    used 3559K, committed 3712K, reserved 1048576K
}
Event: 3.559 GC heap before
{Heap before GC invocations=8 (full 0):
 garbage-first heap   total 81920K, used 57818K [0x00000000a1400000, 0x0000000100000000)
  region size 1024K, 46 young (47104K), 2 survivors (2048K)
 Metaspace       used 34035K, committed 34304K, reserved 1114112K
  class space    used 4233K, committed 4352K, reserved 1048576K
}
Event: 3.566 GC heap after
{Heap after GC invocations=9 (full 0):
 garbage-first heap   total 81920K, used 15320K [0x00000000a1400000, 0x0000000100000000)
  region size 1024K, 4 young (4096K), 4 survivors (4096K)
 Metaspace       used 34035K, committed 34304K, reserved 1114112K
  class space    used 4233K, committed 4352K, reserved 1048576K
}
Event: 3.946 GC heap before
{Heap before GC invocations=9 (full 0):
 garbage-first heap   total 81920K, used 29656K [0x00000000a1400000, 0x0000000100000000)
  region size 1024K, 19 young (19456K), 4 survivors (4096K)
 Metaspace       used 35891K, committed 36160K, reserved 1114112K
  class space    used 4506K, committed 4608K, reserved 1048576K
}
Event: 3.955 GC heap after
{Heap after GC invocations=10 (full 0):
 garbage-first heap   total 81920K, used 16423K [0x00000000a1400000, 0x0000000100000000)
  region size 1024K, 4 young (4096K), 4 survivors (4096K)
 Metaspace       used 35891K, committed 36160K, reserved 1114112K
  class space    used 4506K, committed 4608K, reserved 1048576K
}

