# JRE version: OpenJDK Runtime Environment Temurin-17.0.7+7 (17.0.7+7) (build 17.0.7+7)
# Java VM: OpenJDK 64-Bit Server VM Temurin-17.0.7+7 (17.0.7+7, mixed mode, emulated-client, tiered, compressed oops, compressed class ptrs, g1 gc, windows-amd64)
GC Precious Log:
 CPUs: 4 total, 4 available
 Memory: 6058M
 Large Page Support: Disabled
 NUMA Support: Disabled
 Compressed Oops: Enabled (32-bit)
 Heap Region Size: 1M
 Heap Min Capacity: 8M
 Heap Initial Capacity: 96M
 Heap Max Capacity: 1516M
 Pre-touch: Disabled
 Parallel Workers: 4
 Concurrent Workers: 1
 Concurrent Refinement Workers: 4
 Periodic GC: Disabled
Heap:
 garbage-first heap   total 119808K, used 35721K [0x00000000a1400000, 0x0000000100000000)
  region size 1024K, 6 young (6144K), 6 survivors (6144K)
 Metaspace       used 69086K, committed 69568K, reserved 1114112K
  class space    used 9124K, committed 9344K, reserved 1048576K
GC Heap History (20 events):
Event: 5.918 GC heap after
{Heap after GC invocations=17 (full 0):
 garbage-first heap   total 78848K, used 21231K [0x00000000a1400000, 0x0000000100000000)
  region size 1024K, 5 young (5120K), 5 survivors (5120K)
 Metaspace       used 45790K, committed 46144K, reserved 1114112K
  class space    used 5678K, committed 5888K, reserved 1048576K
}
Event: 6.487 GC heap before
{Heap before GC invocations=17 (full 0):
 garbage-first heap   total 78848K, used 63215K [0x00000000a1400000, 0x0000000100000000)
  region size 1024K, 46 young (47104K), 5 survivors (5120K)
 Metaspace       used 49389K, committed 49728K, reserved 1114112K
  class space    used 6220K, committed 6400K, reserved 1048576K
}
Event: 6.493 GC heap after
{Heap after GC invocations=18 (full 0):
 garbage-first heap   total 78848K, used 22973K [0x00000000a1400000, 0x0000000100000000)
  region size 1024K, 4 young (4096K), 4 survivors (4096K)
 Metaspace       used 49389K, committed 49728K, reserved 1114112K
  class space    used 6220K, committed 6400K, reserved 1048576K
}
Event: 6.895 GC heap before
{Heap before GC invocations=18 (full 0):
 garbage-first heap   total 78848K, used 62909K [0x00000000a1400000, 0x0000000100000000)
  region size 1024K, 43 young (44032K), 4 survivors (4096K)
 Metaspace       used 53203K, committed 53568K, reserved 1114112K
  class space    used 6881K, committed 7040K, reserved 1048576K
}
Event: 6.901 GC heap after
{Heap after GC invocations=19 (full 0):
 garbage-first heap   total 78848K, used 24086K [0x00000000a1400000, 0x0000000100000000)
  region size 1024K, 5 young (5120K), 5 survivors (5120K)
 Metaspace       used 53203K, committed 53568K, reserved 1114112K
  class space    used 6881K, committed 7040K, reserved 1048576K
}
Event: 7.288 GC heap before
{Heap before GC invocations=19 (full 0):
 garbage-first heap   total 78848K, used 64022K [0x00000000a1400000, 0x0000000100000000)
  region size 1024K, 44 young (45056K), 5 survivors (5120K)
 Metaspace       used 56445K, committed 56832K, reserved 1114112K
  class space    used 7309K, committed 7488K, reserved 1048576K
}
Event: 7.295 GC heap after
{Heap after GC invocations=20 (full 0):
 garbage-first heap   total 119808K, used 25133K [0x00000000a1400000, 0x0000000100000000)
  region size 1024K, 4 young (4096K), 4 survivors (4096K)
 Metaspace       used 56445K, committed 56832K, reserved 1114112K
  class space    used 7309K, committed 7488K, reserved 1048576K
}
Event: 7.975 GC heap before
{Heap before GC invocations=20 (full 0):
 garbage-first heap   total 119808K, used 91693K [0x00000000a1400000, 0x0000000100000000)
  region size 1024K, 69 young (70656K), 4 survivors (4096K)
 Metaspace       used 59505K, committed 59904K, reserved 1114112K
  class space    used 7855K, committed 8000K, reserved 1048576K
}
Event: 7.981 GC heap after
{Heap after GC invocations=21 (full 0):
 garbage-first heap   total 119808K, used 26421K [0x00000000a1400000, 0x0000000100000000)
  region size 1024K, 6 young (6144K), 6 survivors (6144K)
 Metaspace       used 59505K, committed 59904K, reserved 1114112K
  class space    used 7855K, committed 8000K, reserved 1048576K
}
Event: 8.322 GC heap before
{Heap before GC invocations=21 (full 0):
 garbage-first heap   total 119808K, used 32565K [0x00000000a1400000, 0x0000000100000000)
  region size 1024K, 13 young (13312K), 6 survivors (6144K)
 Metaspace       used 60043K, committed 60416K, reserved 1114112K
  class space    used 7925K, committed 8064K, reserved 1048576K
}
Event: 8.329 GC heap after
{Heap after GC invocations=22 (full 0):
 garbage-first heap   total 119808K, used 26971K [0x00000000a1400000, 0x0000000100000000)
  region size 1024K, 5 young (5120K), 5 survivors (5120K)
 Metaspace       used 60043K, committed 60416K, reserved 1114112K
  class space    used 7925K, committed 8064K, reserved 1048576K
}
Event: 8.960 GC heap before
{Heap before GC invocations=23 (full 0):
 garbage-first heap   total 99328K, used 81243K [0x00000000a1400000, 0x0000000100000000)
  region size 1024K, 58 young (59392K), 5 survivors (5120K)
 Metaspace       used 64329K, committed 64768K, reserved 1114112K
  class space    used 8516K, committed 8704K, reserved 1048576K
}
Event: 8.968 GC heap after
{Heap after GC invocations=24 (full 0):
 garbage-first heap   total 99328K, used 28334K [0x00000000a1400000, 0x0000000100000000)
  region size 1024K, 6 young (6144K), 6 survivors (6144K)
 Metaspace       used 64329K, committed 64768K, reserved 1114112K
  class space    used 8516K, committed 8704K, reserved 1048576K
}
Event: 8.982 GC heap before
{Heap before GC invocations=24 (full 0):
 garbage-first heap   total 99328K, used 29358K [0x00000000a1400000, 0x0000000100000000)
  region size 1024K, 7 young (7168K), 6 survivors (6144K)
 Metaspace       used 64333K, committed 64768K, reserved 1114112K
  class space    used 8516K, committed 8704K, reserved 1048576K
}
Event: 8.990 GC heap after
{Heap after GC invocations=25 (full 0):
 garbage-first heap   total 99328K, used 28886K [0x00000000a1400000, 0x0000000100000000)
  region size 1024K, 1 young (1024K), 1 survivors (1024K)
 Metaspace       used 64333K, committed 64768K, reserved 1114112K
  class space    used 8516K, committed 8704K, reserved 1048576K
}
Event: 9.387 GC heap before
{Heap before GC invocations=25 (full 0):
 garbage-first heap   total 99328K, used 82134K [0x00000000a1400000, 0x0000000100000000)
  region size 1024K, 53 young (54272K), 1 survivors (1024K)
 Metaspace       used 64944K, committed 65408K, reserved 1114112K
  class space    used 8588K, committed 8832K, reserved 1048576K
}
Event: 9.391 GC heap after
{Heap after GC invocations=26 (full 0):
 garbage-first heap   total 99328K, used 30046K [0x00000000a1400000, 0x0000000100000000)
  region size 1024K, 3 young (3072K), 3 survivors (3072K)
 Metaspace       used 64944K, committed 65408K, reserved 1114112K
  class space    used 8588K, committed 8832K, reserved 1048576K
}
Event: 10.037 GC heap before
{Heap before GC invocations=26 (full 0):
 garbage-first heap   total 99328K, used 81246K [0x00000000a1400000, 0x0000000100000000)
  region size 1024K, 53 young (54272K), 3 survivors (3072K)
 Metaspace       used 67650K, committed 68096K, reserved 1114112K
  class space    used 8973K, committed 9216K, reserved 1048576K
}
Event: 10.048 GC heap after
{Heap after GC invocations=27 (full 0):
 garbage-first heap   total 99328K, used 32523K [0x00000000a1400000, 0x0000000100000000)
  region size 1024K, 5 young (5120K), 5 survivors (5120K)
 Metaspace       used 67650K, committed 68096K, reserved 1114112K
  class space    used 8973K, committed 9216K, reserved 1048576K
}
Event: 10.368 GC heap before
{Heap before GC invocations=27 (full 0):
 garbage-first heap   total 99328K, used 79627K [0x00000000a1400000, 0x0000000100000000)
  region size 1024K, 52 young (53248K), 5 survivors (5120K)
 Metaspace       used 69086K, committed 69568K, reserved 1114112K
  class space    used 9124K, committed 9344K, reserved 1048576K
}

