# JRE version: OpenJDK Runtime Environment Temurin-17.0.7+7 (17.0.7+7) (build 17.0.7+7)
# Java VM: OpenJDK 64-Bit Server VM Temurin-17.0.7+7 (17.0.7+7, mixed mode, emulated-client, tiered, compressed oops, compressed class ptrs, g1 gc, windows-amd64)
GC Precious Log:
 CPUs: 4 total, 4 available
 Memory: 6058M
 Large Page Support: Disabled
 NUMA Support: Disabled
 Compressed Oops: Enabled (32-bit)
 Heap Region Size: 1M
 Heap Min Capacity: 8M
 Heap Initial Capacity: 96M
 Heap Max Capacity: 1516M
 Pre-touch: Disabled
 Parallel Workers: 4
 Concurrent Workers: 1
 Concurrent Refinement Workers: 4
 Periodic GC: Disabled
Heap:
 garbage-first heap   total 61440K, used 35302K [0x00000000a1400000, 0x0000000100000000)
  region size 1024K, 17 young (17408K), 4 survivors (4096K)
 Metaspace       used 53550K, committed 53888K, reserved 1114112K
  class space    used 7071K, committed 7232K, reserved 1048576K
GC Heap History (20 events):
Event: 2.989 GC heap before
{Heap before GC invocations=5 (full 0):
 garbage-first heap   total 40960K, used 31401K [0x00000000a1400000, 0x0000000100000000)
  region size 1024K, 24 young (24576K), 2 survivors (2048K)
 Metaspace       used 25432K, committed 25728K, reserved 1114112K
  class space    used 3114K, committed 3264K, reserved 1048576K
}
Event: 2.996 GC heap after
{Heap after GC invocations=6 (full 0):
 garbage-first heap   total 40960K, used 11945K [0x00000000a1400000, 0x0000000100000000)
  region size 1024K, 4 young (4096K), 4 survivors (4096K)
 Metaspace       used 25432K, committed 25728K, reserved 1114112K
  class space    used 3114K, committed 3264K, reserved 1048576K
}
Event: 3.020 GC heap before
{Heap before GC invocations=6 (full 0):
 garbage-first heap   total 40960K, used 12969K [0x00000000a1400000, 0x0000000100000000)
  region size 1024K, 5 young (5120K), 4 survivors (4096K)
 Metaspace       used 25655K, committed 25920K, reserved 1114112K
  class space    used 3138K, committed 3264K, reserved 1048576K
}
Event: 3.026 GC heap after
{Heap after GC invocations=7 (full 0):
 garbage-first heap   total 40960K, used 12338K [0x00000000a1400000, 0x0000000100000000)
  region size 1024K, 1 young (1024K), 1 survivors (1024K)
 Metaspace       used 25655K, committed 25920K, reserved 1114112K
  class space    used 3138K, committed 3264K, reserved 1048576K
}
Event: 3.401 GC heap before
{Heap before GC invocations=7 (full 0):
 garbage-first heap   total 40960K, used 26674K [0x00000000a1400000, 0x0000000100000000)
  region size 1024K, 16 young (16384K), 1 survivors (1024K)
 Metaspace       used 29350K, committed 29632K, reserved 1114112K
  class space    used 3566K, committed 3712K, reserved 1048576K
}
Event: 3.405 GC heap after
{Heap after GC invocations=8 (full 0):
 garbage-first heap   total 40960K, used 12814K [0x00000000a1400000, 0x0000000100000000)
  region size 1024K, 2 young (2048K), 2 survivors (2048K)
 Metaspace       used 29350K, committed 29632K, reserved 1114112K
  class space    used 3566K, committed 3712K, reserved 1048576K
}
Event: 3.741 GC heap before
{Heap before GC invocations=8 (full 0):
 garbage-first heap   total 40960K, used 28174K [0x00000000a1400000, 0x0000000100000000)
  region size 1024K, 17 young (17408K), 2 survivors (2048K)
 Metaspace       used 31816K, committed 32128K, reserved 1114112K
  class space    used 3895K, committed 4032K, reserved 1048576K
}
Event: 3.746 GC heap after
{Heap after GC invocations=9 (full 0):
 garbage-first heap   total 40960K, used 13795K [0x00000000a1400000, 0x0000000100000000)
  region size 1024K, 2 young (2048K), 2 survivors (2048K)
 Metaspace       used 31816K, committed 32128K, reserved 1114112K
  class space    used 3895K, committed 4032K, reserved 1048576K
}
Event: 4.248 GC heap before
{Heap before GC invocations=9 (full 0):
 garbage-first heap   total 40960K, used 30179K [0x00000000a1400000, 0x0000000100000000)
  region size 1024K, 18 young (18432K), 2 survivors (2048K)
 Metaspace       used 32601K, committed 32896K, reserved 1114112K
  class space    used 4028K, committed 4160K, reserved 1048576K
}
Event: 4.255 GC heap after
{Heap after GC invocations=10 (full 0):
 garbage-first heap   total 69632K, used 15085K [0x00000000a1400000, 0x0000000100000000)
  region size 1024K, 3 young (3072K), 3 survivors (3072K)
 Metaspace       used 32601K, committed 32896K, reserved 1114112K
  class space    used 4028K, committed 4160K, reserved 1048576K
}
Event: 5.067 GC heap before
{Heap before GC invocations=10 (full 0):
 garbage-first heap   total 69632K, used 40685K [0x00000000a1400000, 0x0000000100000000)
  region size 1024K, 29 young (29696K), 3 survivors (3072K)
 Metaspace       used 35863K, committed 36160K, reserved 1114112K
  class space    used 4510K, committed 4608K, reserved 1048576K
}
Event: 5.074 GC heap after
{Heap after GC invocations=11 (full 0):
 garbage-first heap   total 69632K, used 16188K [0x00000000a1400000, 0x0000000100000000)
  region size 1024K, 4 young (4096K), 4 survivors (4096K)
 Metaspace       used 35863K, committed 36160K, reserved 1114112K
  class space    used 4510K, committed 4608K, reserved 1048576K
}
Event: 5.949 GC heap before
{Heap before GC invocations=12 (full 0):
 garbage-first heap   total 61440K, used 48956K [0x00000000a1400000, 0x0000000100000000)
  region size 1024K, 36 young (36864K), 4 survivors (4096K)
 Metaspace       used 40508K, committed 40896K, reserved 1114112K
  class space    used 5167K, committed 5376K, reserved 1048576K
}
Event: 5.961 GC heap after
{Heap after GC invocations=13 (full 0):
 garbage-first heap   total 61440K, used 19202K [0x00000000a1400000, 0x0000000100000000)
  region size 1024K, 5 young (5120K), 5 survivors (5120K)
 Metaspace       used 40508K, committed 40896K, reserved 1114112K
  class space    used 5167K, committed 5376K, reserved 1048576K
}
Event: 5.984 GC heap before
{Heap before GC invocations=13 (full 0):
 garbage-first heap   total 61440K, used 20226K [0x00000000a1400000, 0x0000000100000000)
  region size 1024K, 6 young (6144K), 5 survivors (5120K)
 Metaspace       used 40551K, committed 40960K, reserved 1114112K
  class space    used 5171K, committed 5376K, reserved 1048576K
}
Event: 5.992 GC heap after
{Heap after GC invocations=14 (full 0):
 garbage-first heap   total 61440K, used 20178K [0x00000000a1400000, 0x0000000100000000)
  region size 1024K, 1 young (1024K), 1 survivors (1024K)
 Metaspace       used 40551K, committed 40960K, reserved 1114112K
  class space    used 5171K, committed 5376K, reserved 1048576K
}
Event: 6.731 GC heap before
{Heap before GC invocations=14 (full 0):
 garbage-first heap   total 61440K, used 44754K [0x00000000a1400000, 0x0000000100000000)
  region size 1024K, 26 young (26624K), 1 survivors (1024K)
 Metaspace       used 45427K, committed 45824K, reserved 1114112K
  class space    used 5941K, committed 6144K, reserved 1048576K
}
Event: 6.736 GC heap after
{Heap after GC invocations=15 (full 0):
 garbage-first heap   total 61440K, used 20698K [0x00000000a1400000, 0x0000000100000000)
  region size 1024K, 2 young (2048K), 2 survivors (2048K)
 Metaspace       used 45427K, committed 45824K, reserved 1114112K
  class space    used 5941K, committed 6144K, reserved 1048576K
}
Event: 7.904 GC heap before
{Heap before GC invocations=15 (full 0):
 garbage-first heap   total 61440K, used 46298K [0x00000000a1400000, 0x0000000100000000)
  region size 1024K, 28 young (28672K), 2 survivors (2048K)
 Metaspace       used 52270K, committed 52672K, reserved 1114112K
  class space    used 6884K, committed 7040K, reserved 1048576K
}
Event: 7.912 GC heap after
{Heap after GC invocations=16 (full 0):
 garbage-first heap   total 61440K, used 23014K [0x00000000a1400000, 0x0000000100000000)
  region size 1024K, 4 young (4096K), 4 survivors (4096K)
 Metaspace       used 52270K, committed 52672K, reserved 1114112K
  class space    used 6884K, committed 7040K, reserved 1048576K
}

