# JRE version: OpenJDK Runtime Environment Temurin-17.0.7+7 (17.0.7+7) (build 17.0.7+7)
# Java VM: OpenJDK 64-Bit Server VM Temurin-17.0.7+7 (17.0.7+7, mixed mode, emulated-client, tiered, compressed oops, compressed class ptrs, g1 gc, windows-amd64)
GC Precious Log:
 CPUs: 4 total, 4 available
 Memory: 6058M
 Large Page Support: Disabled
 NUMA Support: Disabled
 Compressed Oops: Enabled (32-bit)
 Heap Region Size: 1M
 Heap Min Capacity: 8M
 Heap Initial Capacity: 96M
 Heap Max Capacity: 1516M
 Pre-touch: Disabled
 Parallel Workers: 4
 Concurrent Workers: 1
 Concurrent Refinement Workers: 4
 Periodic GC: Disabled
Heap:
 garbage-first heap   total 98304K, used 25690K [0x00000000a1400000, 0x0000000100000000)
  region size 1024K, 3 young (3072K), 3 survivors (3072K)
 Metaspace       used 58150K, committed 58560K, reserved 1114112K
  class space    used 7807K, committed 8000K, reserved 1048576K
GC Heap History (20 events):
Event: 2.048 GC heap after
{Heap after GC invocations=6 (full 0):
 garbage-first heap   total 40960K, used 11758K [0x00000000a1400000, 0x0000000100000000)
  region size 1024K, 4 young (4096K), 4 survivors (4096K)
 Metaspace       used 25447K, committed 25728K, reserved 1114112K
  class space    used 3111K, committed 3264K, reserved 1048576K
}
Event: 2.062 GC heap before
{Heap before GC invocations=6 (full 0):
 garbage-first heap   total 40960K, used 12782K [0x00000000a1400000, 0x0000000100000000)
  region size 1024K, 5 young (5120K), 4 survivors (4096K)
 Metaspace       used 25689K, committed 25984K, reserved 1114112K
  class space    used 3131K, committed 3264K, reserved 1048576K
}
Event: 2.067 GC heap after
{Heap after GC invocations=7 (full 0):
 garbage-first heap   total 40960K, used 12217K [0x00000000a1400000, 0x0000000100000000)
  region size 1024K, 1 young (1024K), 1 survivors (1024K)
 Metaspace       used 25689K, committed 25984K, reserved 1114112K
  class space    used 3131K, committed 3264K, reserved 1048576K
}
Event: 2.268 GC heap before
{Heap before GC invocations=7 (full 0):
 garbage-first heap   total 40960K, used 26553K [0x00000000a1400000, 0x0000000100000000)
  region size 1024K, 16 young (16384K), 1 survivors (1024K)
 Metaspace       used 29294K, committed 29568K, reserved 1114112K
  class space    used 3557K, committed 3712K, reserved 1048576K
}
Event: 2.270 GC heap after
{Heap after GC invocations=8 (full 0):
 garbage-first heap   total 40960K, used 12886K [0x00000000a1400000, 0x0000000100000000)
  region size 1024K, 2 young (2048K), 2 survivors (2048K)
 Metaspace       used 29294K, committed 29568K, reserved 1114112K
  class space    used 3557K, committed 3712K, reserved 1048576K
}
Event: 2.482 GC heap before
{Heap before GC invocations=8 (full 0):
 garbage-first heap   total 40960K, used 28246K [0x00000000a1400000, 0x0000000100000000)
  region size 1024K, 17 young (17408K), 2 survivors (2048K)
 Metaspace       used 31813K, committed 32128K, reserved 1114112K
  class space    used 3892K, committed 4032K, reserved 1048576K
}
Event: 2.485 GC heap after
{Heap after GC invocations=9 (full 0):
 garbage-first heap   total 79872K, used 13786K [0x00000000a1400000, 0x0000000100000000)
  region size 1024K, 3 young (3072K), 3 survivors (3072K)
 Metaspace       used 31813K, committed 32128K, reserved 1114112K
  class space    used 3892K, committed 4032K, reserved 1048576K
}
Event: 3.508 GC heap before
{Heap before GC invocations=9 (full 0):
 garbage-first heap   total 79872K, used 55770K [0x00000000a1400000, 0x0000000100000000)
  region size 1024K, 45 young (46080K), 3 survivors (3072K)
 Metaspace       used 36006K, committed 36288K, reserved 1114112K
  class space    used 4522K, committed 4672K, reserved 1048576K
}
Event: 3.516 GC heap after
{Heap after GC invocations=10 (full 0):
 garbage-first heap   total 79872K, used 15983K [0x00000000a1400000, 0x0000000100000000)
  region size 1024K, 5 young (5120K), 5 survivors (5120K)
 Metaspace       used 36006K, committed 36288K, reserved 1114112K
  class space    used 4522K, committed 4672K, reserved 1048576K
}
Event: 4.201 GC heap before
{Heap before GC invocations=11 (full 0):
 garbage-first heap   total 65536K, used 49775K [0x00000000a1400000, 0x0000000100000000)
  region size 1024K, 38 young (38912K), 5 survivors (5120K)
 Metaspace       used 40602K, committed 40960K, reserved 1114112K
  class space    used 5173K, committed 5376K, reserved 1048576K
}
Event: 4.215 GC heap after
{Heap after GC invocations=12 (full 0):
 garbage-first heap   total 65536K, used 19171K [0x00000000a1400000, 0x0000000100000000)
  region size 1024K, 5 young (5120K), 5 survivors (5120K)
 Metaspace       used 40602K, committed 40960K, reserved 1114112K
  class space    used 5173K, committed 5376K, reserved 1048576K
}
Event: 4.240 GC heap before
{Heap before GC invocations=12 (full 0):
 garbage-first heap   total 65536K, used 20195K [0x00000000a1400000, 0x0000000100000000)
  region size 1024K, 6 young (6144K), 5 survivors (5120K)
 Metaspace       used 40691K, committed 41088K, reserved 1114112K
  class space    used 5191K, committed 5376K, reserved 1048576K
}
Event: 4.249 GC heap after
{Heap after GC invocations=13 (full 0):
 garbage-first heap   total 65536K, used 19949K [0x00000000a1400000, 0x0000000100000000)
  region size 1024K, 1 young (1024K), 1 survivors (1024K)
 Metaspace       used 40691K, committed 41088K, reserved 1114112K
  class space    used 5191K, committed 5376K, reserved 1048576K
}
Event: 4.940 GC heap before
{Heap before GC invocations=13 (full 0):
 garbage-first heap   total 65536K, used 47597K [0x00000000a1400000, 0x0000000100000000)
  region size 1024K, 29 young (29696K), 1 survivors (1024K)
 Metaspace       used 47019K, committed 47360K, reserved 1114112K
  class space    used 6195K, committed 6336K, reserved 1048576K
}
Event: 4.945 GC heap after
{Heap after GC invocations=14 (full 0):
 garbage-first heap   total 65536K, used 20923K [0x00000000a1400000, 0x0000000100000000)
  region size 1024K, 2 young (2048K), 2 survivors (2048K)
 Metaspace       used 47019K, committed 47360K, reserved 1114112K
  class space    used 6195K, committed 6336K, reserved 1048576K
}
Event: 5.798 GC heap before
{Heap before GC invocations=14 (full 0):
 garbage-first heap   total 65536K, used 49595K [0x00000000a1400000, 0x0000000100000000)
  region size 1024K, 30 young (30720K), 2 survivors (2048K)
 Metaspace       used 52962K, committed 53312K, reserved 1114112K
  class space    used 6977K, committed 7104K, reserved 1048576K
}
Event: 5.805 GC heap after
{Heap after GC invocations=15 (full 0):
 garbage-first heap   total 65536K, used 23220K [0x00000000a1400000, 0x0000000100000000)
  region size 1024K, 4 young (4096K), 4 survivors (4096K)
 Metaspace       used 52962K, committed 53312K, reserved 1114112K
  class space    used 6977K, committed 7104K, reserved 1048576K
}
Event: 6.374 GC heap before
{Heap before GC invocations=15 (full 0):
 garbage-first heap   total 65536K, used 50868K [0x00000000a1400000, 0x0000000100000000)
  region size 1024K, 31 young (31744K), 4 survivors (4096K)
 Metaspace       used 56000K, committed 56384K, reserved 1114112K
  class space    used 7511K, committed 7680K, reserved 1048576K
}
Event: 6.382 GC heap after
{Heap after GC invocations=16 (full 0):
 garbage-first heap   total 65536K, used 24232K [0x00000000a1400000, 0x0000000100000000)
  region size 1024K, 2 young (2048K), 2 survivors (2048K)
 Metaspace       used 56000K, committed 56384K, reserved 1114112K
  class space    used 7511K, committed 7680K, reserved 1048576K
}
Event: 7.259 GC heap before
{Heap before GC invocations=16 (full 0):
 garbage-first heap   total 65536K, used 49832K [0x00000000a1400000, 0x0000000100000000)
  region size 1024K, 28 young (28672K), 2 survivors (2048K)
 Metaspace       used 58150K, committed 58560K, reserved 1114112K
  class space    used 7807K, committed 8000K, reserved 1048576K
}

