# JRE version: OpenJDK Runtime Environment Temurin-17.0.7+7 (17.0.7+7) (build 17.0.7+7)
# Java VM: OpenJDK 64-Bit Server VM Temurin-17.0.7+7 (17.0.7+7, mixed mode, emulated-client, tiered, compressed oops, compressed class ptrs, g1 gc, windows-amd64)
GC Precious Log:
 CPUs: 4 total, 4 available
 Memory: 6058M
 Large Page Support: Disabled
 NUMA Support: Disabled
 Compressed Oops: Enabled (32-bit)
 Heap Region Size: 1M
 Heap Min Capacity: 8M
 Heap Initial Capacity: 96M
 Heap Max Capacity: 1516M
 Pre-touch: Disabled
 Parallel Workers: 4
 Concurrent Workers: 1
 Concurrent Refinement Workers: 4
 Periodic GC: Disabled
Heap:
 garbage-first heap   total 98304K, used 54456K [0x00000000a1400000, 0x0000000100000000)
  region size 1024K, 37 young (37888K), 2 survivors (2048K)
 Metaspace       used 50011K, committed 50432K, reserved 1114112K
  class space    used 6547K, committed 6720K, reserved 1048576K
GC Heap History (20 events):
Event: 1.515 GC heap before
{Heap before GC invocations=2 (full 0):
 garbage-first heap   total 98304K, used 25538K [0x00000000a1400000, 0x0000000100000000)
  region size 1024K, 20 young (20480K), 2 survivors (2048K)
 Metaspace       used 20634K, committed 20928K, reserved 1114112K
  class space    used 2379K, committed 2496K, reserved 1048576K
}
Event: 1.520 GC heap after
{Heap after GC invocations=3 (full 0):
 garbage-first heap   total 98304K, used 9622K [0x00000000a1400000, 0x0000000100000000)
  region size 1024K, 3 young (3072K), 3 survivors (3072K)
 Metaspace       used 20634K, committed 20928K, reserved 1114112K
  class space    used 2379K, committed 2496K, reserved 1048576K
}
Event: 1.569 GC heap before
{Heap before GC invocations=3 (full 0):
 garbage-first heap   total 98304K, used 12694K [0x00000000a1400000, 0x0000000100000000)
  region size 1024K, 7 young (7168K), 3 survivors (3072K)
 Metaspace       used 21291K, committed 21504K, reserved 1114112K
  class space    used 2491K, committed 2624K, reserved 1048576K
}
Event: 1.573 GC heap after
{Heap after GC invocations=4 (full 0):
 garbage-first heap   total 98304K, used 10061K [0x00000000a1400000, 0x0000000100000000)
  region size 1024K, 4 young (4096K), 4 survivors (4096K)
 Metaspace       used 21291K, committed 21504K, reserved 1114112K
  class space    used 2491K, committed 2624K, reserved 1048576K
}
Event: 1.868 GC heap before
{Heap before GC invocations=5 (full 0):
 garbage-first heap   total 40960K, used 29517K [0x00000000a1400000, 0x0000000100000000)
  region size 1024K, 25 young (25600K), 4 survivors (4096K)
 Metaspace       used 25537K, committed 25792K, reserved 1114112K
  class space    used 3112K, committed 3200K, reserved 1048576K
}
Event: 1.876 GC heap after
{Heap after GC invocations=6 (full 0):
 garbage-first heap   total 40960K, used 12175K [0x00000000a1400000, 0x0000000100000000)
  region size 1024K, 6 young (6144K), 6 survivors (6144K)
 Metaspace       used 25537K, committed 25792K, reserved 1114112K
  class space    used 3112K, committed 3200K, reserved 1048576K
}
Event: 1.888 GC heap before
{Heap before GC invocations=6 (full 0):
 garbage-first heap   total 40960K, used 13199K [0x00000000a1400000, 0x0000000100000000)
  region size 1024K, 7 young (7168K), 6 survivors (6144K)
 Metaspace       used 25738K, committed 26048K, reserved 1114112K
  class space    used 3131K, committed 3264K, reserved 1048576K
}
Event: 1.894 GC heap after
{Heap after GC invocations=7 (full 0):
 garbage-first heap   total 49152K, used 12792K [0x00000000a1400000, 0x0000000100000000)
  region size 1024K, 1 young (1024K), 1 survivors (1024K)
 Metaspace       used 25738K, committed 26048K, reserved 1114112K
  class space    used 3131K, committed 3264K, reserved 1048576K
}
Event: 2.153 GC heap before
{Heap before GC invocations=7 (full 0):
 garbage-first heap   total 49152K, used 32248K [0x00000000a1400000, 0x0000000100000000)
  region size 1024K, 21 young (21504K), 1 survivors (1024K)
 Metaspace       used 30138K, committed 30400K, reserved 1114112K
  class space    used 3654K, committed 3776K, reserved 1048576K
}
Event: 2.155 GC heap after
{Heap after GC invocations=8 (full 0):
 garbage-first heap   total 49152K, used 13220K [0x00000000a1400000, 0x0000000100000000)
  region size 1024K, 2 young (2048K), 2 survivors (2048K)
 Metaspace       used 30138K, committed 30400K, reserved 1114112K
  class space    used 3654K, committed 3776K, reserved 1048576K
}
Event: 2.496 GC heap before
{Heap before GC invocations=8 (full 0):
 garbage-first heap   total 49152K, used 32676K [0x00000000a1400000, 0x0000000100000000)
  region size 1024K, 22 young (22528K), 2 survivors (2048K)
 Metaspace       used 32040K, committed 32384K, reserved 1114112K
  class space    used 3931K, committed 4096K, reserved 1048576K
}
Event: 2.500 GC heap after
{Heap after GC invocations=9 (full 0):
 garbage-first heap   total 49152K, used 14584K [0x00000000a1400000, 0x0000000100000000)
  region size 1024K, 3 young (3072K), 3 survivors (3072K)
 Metaspace       used 32040K, committed 32384K, reserved 1114112K
  class space    used 3931K, committed 4096K, reserved 1048576K
}
Event: 2.956 GC heap before
{Heap before GC invocations=9 (full 0):
 garbage-first heap   total 49152K, used 35064K [0x00000000a1400000, 0x0000000100000000)
  region size 1024K, 23 young (23552K), 3 survivors (3072K)
 Metaspace       used 34340K, committed 34624K, reserved 1114112K
  class space    used 4290K, committed 4416K, reserved 1048576K
}
Event: 2.961 GC heap after
{Heap after GC invocations=10 (full 0):
 garbage-first heap   total 49152K, used 15629K [0x00000000a1400000, 0x0000000100000000)
  region size 1024K, 3 young (3072K), 3 survivors (3072K)
 Metaspace       used 34340K, committed 34624K, reserved 1114112K
  class space    used 4290K, committed 4416K, reserved 1048576K
}
Event: 3.166 GC heap before
{Heap before GC invocations=10 (full 0):
 garbage-first heap   total 49152K, used 23821K [0x00000000a1400000, 0x0000000100000000)
  region size 1024K, 12 young (12288K), 3 survivors (3072K)
 Metaspace       used 35893K, committed 36160K, reserved 1114112K
  class space    used 4520K, committed 4672K, reserved 1048576K
}
Event: 3.171 GC heap after
{Heap after GC invocations=11 (full 0):
 garbage-first heap   total 49152K, used 16283K [0x00000000a1400000, 0x0000000100000000)
  region size 1024K, 3 young (3072K), 3 survivors (3072K)
 Metaspace       used 35893K, committed 36160K, reserved 1114112K
  class space    used 4520K, committed 4672K, reserved 1048576K
}
Event: 3.561 GC heap before
{Heap before GC invocations=12 (full 0):
 garbage-first heap   total 49152K, used 35739K [0x00000000a1400000, 0x0000000100000000)
  region size 1024K, 23 young (23552K), 3 survivors (3072K)
 Metaspace       used 38821K, committed 39168K, reserved 1114112K
  class space    used 4934K, committed 5120K, reserved 1048576K
}
Event: 3.567 GC heap after
{Heap after GC invocations=13 (full 0):
 garbage-first heap   total 49152K, used 18283K [0x00000000a1400000, 0x0000000100000000)
  region size 1024K, 3 young (3072K), 3 survivors (3072K)
 Metaspace       used 38821K, committed 39168K, reserved 1114112K
  class space    used 4934K, committed 5120K, reserved 1048576K
}
Event: 3.931 GC heap before
{Heap before GC invocations=13 (full 0):
 garbage-first heap   total 49152K, used 35691K [0x00000000a1400000, 0x0000000100000000)
  region size 1024K, 21 young (21504K), 3 survivors (3072K)
 Metaspace       used 41391K, committed 41728K, reserved 1114112K
  class space    used 5235K, committed 5376K, reserved 1048576K
}
Event: 3.937 GC heap after
{Heap after GC invocations=14 (full 0):
 garbage-first heap   total 98304K, used 19640K [0x00000000a1400000, 0x0000000100000000)
  region size 1024K, 2 young (2048K), 2 survivors (2048K)
 Metaspace       used 41391K, committed 41728K, reserved 1114112K
  class space    used 5235K, committed 5376K, reserved 1048576K
}

