# JRE version: OpenJDK Runtime Environment Temurin-17.0.7+7 (17.0.7+7) (build 17.0.7+7)
# Java VM: OpenJDK 64-Bit Server VM Temurin-17.0.7+7 (17.0.7+7, mixed mode, emulated-client, tiered, compressed oops, compressed class ptrs, g1 gc, windows-amd64)
GC Precious Log:
 CPUs: 4 total, 4 available
 Memory: 6058M
 Large Page Support: Disabled
 NUMA Support: Disabled
 Compressed Oops: Enabled (32-bit)
 Heap Region Size: 1M
 Heap Min Capacity: 8M
 Heap Initial Capacity: 96M
 Heap Max Capacity: 1516M
 Pre-touch: Disabled
 Parallel Workers: 4
 Concurrent Workers: 1
 Concurrent Refinement Workers: 4
 Periodic GC: Disabled
Heap:
 garbage-first heap   total 101376K, used 72370K [0x00000000a1400000, 0x0000000100000000)
  region size 1024K, 54 young (55296K), 6 survivors (6144K)
 Metaspace       used 58484K, committed 58816K, reserved 1114112K
  class space    used 7708K, committed 7872K, reserved 1048576K
GC Heap History (20 events):
Event: 2.651 GC heap before
{Heap before GC invocations=9 (full 0):
 garbage-first heap   total 80896K, used 55999K [0x00000000a1400000, 0x0000000100000000)
  region size 1024K, 47 young (48128K), 4 survivors (4096K)
 Metaspace       used 32828K, committed 33088K, reserved 1114112K
  class space    used 3925K, committed 4032K, reserved 1048576K
}
Event: 2.656 GC heap after
{Heap after GC invocations=10 (full 0):
 garbage-first heap   total 80896K, used 13726K [0x00000000a1400000, 0x0000000100000000)
  region size 1024K, 4 young (4096K), 4 survivors (4096K)
 Metaspace       used 32828K, committed 33088K, reserved 1114112K
  class space    used 3925K, committed 4032K, reserved 1048576K
}
Event: 3.167 GC heap before
{Heap before GC invocations=10 (full 0):
 garbage-first heap   total 80896K, used 57758K [0x00000000a1400000, 0x0000000100000000)
  region size 1024K, 47 young (48128K), 4 survivors (4096K)
 Metaspace       used 35089K, committed 35392K, reserved 1114112K
  class space    used 4248K, committed 4352K, reserved 1048576K
}
Event: 3.172 GC heap after
{Heap after GC invocations=11 (full 0):
 garbage-first heap   total 80896K, used 15513K [0x00000000a1400000, 0x0000000100000000)
  region size 1024K, 5 young (5120K), 5 survivors (5120K)
 Metaspace       used 35089K, committed 35392K, reserved 1114112K
  class space    used 4248K, committed 4352K, reserved 1048576K
}
Event: 3.288 GC heap before
{Heap before GC invocations=11 (full 0):
 garbage-first heap   total 80896K, used 26777K [0x00000000a1400000, 0x0000000100000000)
  region size 1024K, 18 young (18432K), 5 survivors (5120K)
 Metaspace       used 35819K, committed 36096K, reserved 1114112K
  class space    used 4353K, committed 4480K, reserved 1048576K
}
Event: 3.293 GC heap after
{Heap after GC invocations=12 (full 0):
 garbage-first heap   total 97280K, used 15735K [0x00000000a1400000, 0x0000000100000000)
  region size 1024K, 3 young (3072K), 3 survivors (3072K)
 Metaspace       used 35819K, committed 36096K, reserved 1114112K
  class space    used 4353K, committed 4480K, reserved 1048576K
}
Event: 3.715 GC heap before
{Heap before GC invocations=13 (full 0):
 garbage-first heap   total 61440K, used 49527K [0x00000000a1400000, 0x0000000100000000)
  region size 1024K, 36 young (36864K), 3 survivors (3072K)
 Metaspace       used 38114K, committed 38400K, reserved 1114112K
  class space    used 4698K, committed 4800K, reserved 1048576K
}
Event: 3.720 GC heap after
{Heap after GC invocations=14 (full 0):
 garbage-first heap   total 61440K, used 16924K [0x00000000a1400000, 0x0000000100000000)
  region size 1024K, 4 young (4096K), 4 survivors (4096K)
 Metaspace       used 38114K, committed 38400K, reserved 1114112K
  class space    used 4698K, committed 4800K, reserved 1048576K
}
Event: 3.737 GC heap before
{Heap before GC invocations=14 (full 0):
 garbage-first heap   total 61440K, used 17948K [0x00000000a1400000, 0x0000000100000000)
  region size 1024K, 5 young (5120K), 4 survivors (4096K)
 Metaspace       used 38173K, committed 38528K, reserved 1114112K
  class space    used 4707K, committed 4864K, reserved 1048576K
}
Event: 3.741 GC heap after
{Heap after GC invocations=15 (full 0):
 garbage-first heap   total 61440K, used 17230K [0x00000000a1400000, 0x0000000100000000)
  region size 1024K, 1 young (1024K), 1 survivors (1024K)
 Metaspace       used 38173K, committed 38528K, reserved 1114112K
  class space    used 4707K, committed 4864K, reserved 1048576K
}
Event: 4.108 GC heap before
{Heap before GC invocations=15 (full 0):
 garbage-first heap   total 61440K, used 48974K [0x00000000a1400000, 0x0000000100000000)
  region size 1024K, 32 young (32768K), 1 survivors (1024K)
 Metaspace       used 40832K, committed 41216K, reserved 1114112K
  class space    used 5140K, committed 5312K, reserved 1048576K
}
Event: 4.112 GC heap after
{Heap after GC invocations=16 (full 0):
 garbage-first heap   total 61440K, used 18835K [0x00000000a1400000, 0x0000000100000000)
  region size 1024K, 3 young (3072K), 3 survivors (3072K)
 Metaspace       used 40832K, committed 41216K, reserved 1114112K
  class space    used 5140K, committed 5312K, reserved 1048576K
}
Event: 4.417 GC heap before
{Heap before GC invocations=16 (full 0):
 garbage-first heap   total 61440K, used 48531K [0x00000000a1400000, 0x0000000100000000)
  region size 1024K, 32 young (32768K), 3 survivors (3072K)
 Metaspace       used 43010K, committed 43264K, reserved 1114112K
  class space    used 5381K, committed 5504K, reserved 1048576K
}
Event: 4.422 GC heap after
{Heap after GC invocations=17 (full 0):
 garbage-first heap   total 61440K, used 20502K [0x00000000a1400000, 0x0000000100000000)
  region size 1024K, 4 young (4096K), 4 survivors (4096K)
 Metaspace       used 43010K, committed 43264K, reserved 1114112K
  class space    used 5381K, committed 5504K, reserved 1048576K
}
Event: 4.688 GC heap before
{Heap before GC invocations=17 (full 0):
 garbage-first heap   total 61440K, used 49174K [0x00000000a1400000, 0x0000000100000000)
  region size 1024K, 32 young (32768K), 4 survivors (4096K)
 Metaspace       used 45439K, committed 45824K, reserved 1114112K
  class space    used 5700K, committed 5888K, reserved 1048576K
}
Event: 4.694 GC heap after
{Heap after GC invocations=18 (full 0):
 garbage-first heap   total 101376K, used 21019K [0x00000000a1400000, 0x0000000100000000)
  region size 1024K, 3 young (3072K), 3 survivors (3072K)
 Metaspace       used 45439K, committed 45824K, reserved 1114112K
  class space    used 5700K, committed 5888K, reserved 1048576K
}
Event: 5.324 GC heap before
{Heap before GC invocations=18 (full 0):
 garbage-first heap   total 101376K, used 78363K [0x00000000a1400000, 0x0000000100000000)
  region size 1024K, 59 young (60416K), 3 survivors (3072K)
 Metaspace       used 51520K, committed 51904K, reserved 1114112K
  class space    used 6650K, committed 6848K, reserved 1048576K
}
Event: 5.328 GC heap after
{Heap after GC invocations=19 (full 0):
 garbage-first heap   total 101376K, used 22348K [0x00000000a1400000, 0x0000000100000000)
  region size 1024K, 4 young (4096K), 4 survivors (4096K)
 Metaspace       used 51520K, committed 51904K, reserved 1114112K
  class space    used 6650K, committed 6848K, reserved 1048576K
}
Event: 6.065 GC heap before
{Heap before GC invocations=19 (full 0):
 garbage-first heap   total 101376K, used 78668K [0x00000000a1400000, 0x0000000100000000)
  region size 1024K, 59 young (60416K), 4 survivors (4096K)
 Metaspace       used 56226K, committed 56576K, reserved 1114112K
  class space    used 7292K, committed 7424K, reserved 1048576K
}
Event: 6.072 GC heap after
{Heap after GC invocations=20 (full 0):
 garbage-first heap   total 101376K, used 24242K [0x00000000a1400000, 0x0000000100000000)
  region size 1024K, 6 young (6144K), 6 survivors (6144K)
 Metaspace       used 56226K, committed 56576K, reserved 1114112K
  class space    used 7292K, committed 7424K, reserved 1048576K
}

