# JRE version: OpenJDK Runtime Environment Temurin-17.0.7+7 (17.0.7+7) (build 17.0.7+7)
# Java VM: OpenJDK 64-Bit Server VM Temurin-17.0.7+7 (17.0.7+7, mixed mode, emulated-client, tiered, compressed oops, compressed class ptrs, g1 gc, windows-amd64)
GC Precious Log:
 CPUs: 4 total, 4 available
 Memory: 6058M
 Large Page Support: Disabled
 NUMA Support: Disabled
 Compressed Oops: Enabled (32-bit)
 Heap Region Size: 1M
 Heap Min Capacity: 8M
 Heap Initial Capacity: 96M
 Heap Max Capacity: 1516M
 Pre-touch: Disabled
 Parallel Workers: 4
 Concurrent Workers: 1
 Concurrent Refinement Workers: 4
 Periodic GC: Disabled
Heap:
 garbage-first heap   total 106496K, used 74736K [0x00000000a1400000, 0x0000000100000000)
  region size 1024K, 45 young (46080K), 5 survivors (5120K)
 Metaspace       used 85025K, committed 85696K, reserved 1179648K
  class space    used 11171K, committed 11520K, reserved 1048576K
GC Heap History (20 events):
Event: 1021.011 GC heap before
{Heap before GC invocations=49 (full 5):
 garbage-first heap   total 99328K, used 75665K [0x00000000a1400000, 0x0000000100000000)
  region size 1024K, 47 young (48128K), 0 survivors (0K)
 Metaspace       used 82250K, committed 83136K, reserved 1179648K
  class space    used 10937K, committed 11264K, reserved 1048576K
}
Event: 1021.019 GC heap after
{Heap after GC invocations=50 (full 5):
 garbage-first heap   total 99328K, used 33394K [0x00000000a1400000, 0x0000000100000000)
  region size 1024K, 5 young (5120K), 5 survivors (5120K)
 Metaspace       used 82250K, committed 83136K, reserved 1179648K
  class space    used 10937K, committed 11264K, reserved 1048576K
}
Event: 1021.535 GC heap before
{Heap before GC invocations=50 (full 5):
 garbage-first heap   total 99328K, used 77426K [0x00000000a1400000, 0x0000000100000000)
  region size 1024K, 48 young (49152K), 5 survivors (5120K)
 Metaspace       used 82508K, committed 83136K, reserved 1179648K
  class space    used 10956K, committed 11264K, reserved 1048576K
}
Event: 1021.540 GC heap after
{Heap after GC invocations=51 (full 5):
 garbage-first heap   total 99328K, used 34367K [0x00000000a1400000, 0x0000000100000000)
  region size 1024K, 2 young (2048K), 2 survivors (2048K)
 Metaspace       used 82508K, committed 83136K, reserved 1179648K
  class space    used 10956K, committed 11264K, reserved 1048576K
}
Event: 1021.896 GC heap before
{Heap before GC invocations=51 (full 5):
 garbage-first heap   total 99328K, used 78399K [0x00000000a1400000, 0x0000000100000000)
  region size 1024K, 45 young (46080K), 2 survivors (2048K)
 Metaspace       used 82888K, committed 83456K, reserved 1179648K
  class space    used 10987K, committed 11264K, reserved 1048576K
}
Event: 1021.901 GC heap after
{Heap after GC invocations=52 (full 5):
 garbage-first heap   total 99328K, used 36318K [0x00000000a1400000, 0x0000000100000000)
  region size 1024K, 4 young (4096K), 4 survivors (4096K)
 Metaspace       used 82888K, committed 83456K, reserved 1179648K
  class space    used 10987K, committed 11264K, reserved 1048576K
}
Event: 1022.174 GC heap before
{Heap before GC invocations=52 (full 5):
 garbage-first heap   total 99328K, used 79326K [0x00000000a1400000, 0x0000000100000000)
  region size 1024K, 46 young (47104K), 4 survivors (4096K)
 Metaspace       used 83126K, committed 83776K, reserved 1179648K
  class space    used 11003K, committed 11328K, reserved 1048576K
}
Event: 1022.181 GC heap after
{Heap after GC invocations=53 (full 5):
 garbage-first heap   total 99328K, used 38541K [0x00000000a1400000, 0x0000000100000000)
  region size 1024K, 5 young (5120K), 5 survivors (5120K)
 Metaspace       used 83126K, committed 83776K, reserved 1179648K
  class space    used 11003K, committed 11328K, reserved 1048576K
}
Event: 1024.043 GC heap before
{Heap before GC invocations=53 (full 5):
 garbage-first heap   total 99328K, used 48781K [0x00000000a1400000, 0x0000000100000000)
  region size 1024K, 16 young (16384K), 5 survivors (5120K)
 Metaspace       used 83164K, committed 83840K, reserved 1179648K
  class space    used 11007K, committed 11328K, reserved 1048576K
}
Event: 1024.139 GC heap after
{Heap after GC invocations=54 (full 6):
 garbage-first heap   total 99328K, used 29518K [0x00000000a1400000, 0x0000000100000000)
  region size 1024K, 0 young (0K), 0 survivors (0K)
 Metaspace       used 83151K, committed 83840K, reserved 1179648K
  class space    used 11005K, committed 11328K, reserved 1048576K
}
Event: 1024.616 GC heap before
{Heap before GC invocations=54 (full 6):
 garbage-first heap   total 99328K, used 76622K [0x00000000a1400000, 0x0000000100000000)
  region size 1024K, 47 young (48128K), 0 survivors (0K)
 Metaspace       used 83487K, committed 84096K, reserved 1179648K
  class space    used 11038K, committed 11328K, reserved 1048576K
}
Event: 1024.621 GC heap after
{Heap after GC invocations=55 (full 6):
 garbage-first heap   total 99328K, used 34599K [0x00000000a1400000, 0x0000000100000000)
  region size 1024K, 5 young (5120K), 5 survivors (5120K)
 Metaspace       used 83487K, committed 84096K, reserved 1179648K
  class space    used 11038K, committed 11328K, reserved 1048576K
}
Event: 1024.901 GC heap before
{Heap before GC invocations=55 (full 6):
 garbage-first heap   total 99328K, used 78631K [0x00000000a1400000, 0x0000000100000000)
  region size 1024K, 48 young (49152K), 5 survivors (5120K)
 Metaspace       used 83743K, committed 84416K, reserved 1179648K
  class space    used 11056K, committed 11392K, reserved 1048576K
}
Event: 1024.909 GC heap after
{Heap after GC invocations=56 (full 6):
 garbage-first heap   total 119808K, used 35152K [0x00000000a1400000, 0x0000000100000000)
  region size 1024K, 2 young (2048K), 2 survivors (2048K)
 Metaspace       used 83743K, committed 84416K, reserved 1179648K
  class space    used 11056K, committed 11392K, reserved 1048576K
}
Event: 1025.227 GC heap before
{Heap before GC invocations=56 (full 6):
 garbage-first heap   total 119808K, used 92496K [0x00000000a1400000, 0x0000000100000000)
  region size 1024K, 58 young (59392K), 2 survivors (2048K)
 Metaspace       used 84164K, committed 84800K, reserved 1179648K
  class space    used 11084K, committed 11392K, reserved 1048576K
}
Event: 1025.232 GC heap after
{Heap after GC invocations=57 (full 6):
 garbage-first heap   total 119808K, used 37689K [0x00000000a1400000, 0x0000000100000000)
  region size 1024K, 5 young (5120K), 5 survivors (5120K)
 Metaspace       used 84164K, committed 84800K, reserved 1179648K
  class space    used 11084K, committed 11392K, reserved 1048576K
}
Event: 1067.064 GC heap before
{Heap before GC invocations=57 (full 6):
 garbage-first heap   total 119808K, used 80697K [0x00000000a1400000, 0x0000000100000000)
  region size 1024K, 48 young (49152K), 5 survivors (5120K)
 Metaspace       used 84317K, committed 84928K, reserved 1179648K
  class space    used 11094K, committed 11392K, reserved 1048576K
}
Event: 1067.181 GC heap after
{Heap after GC invocations=58 (full 7):
 garbage-first heap   total 106496K, used 30351K [0x00000000a1400000, 0x0000000100000000)
  region size 1024K, 0 young (0K), 0 survivors (0K)
 Metaspace       used 84304K, committed 84928K, reserved 1179648K
  class space    used 11092K, committed 11392K, reserved 1048576K
}
Event: 1068.153 GC heap before
{Heap before GC invocations=58 (full 7):
 garbage-first heap   total 106496K, used 82575K [0x00000000a1400000, 0x0000000100000000)
  region size 1024K, 52 young (53248K), 0 survivors (0K)
 Metaspace       used 84658K, committed 85312K, reserved 1179648K
  class space    used 11129K, committed 11456K, reserved 1048576K
}
Event: 1068.158 GC heap after
{Heap after GC invocations=59 (full 7):
 garbage-first heap   total 106496K, used 34800K [0x00000000a1400000, 0x0000000100000000)
  region size 1024K, 5 young (5120K), 5 survivors (5120K)
 Metaspace       used 84658K, committed 85312K, reserved 1179648K
  class space    used 11129K, committed 11456K, reserved 1048576K
}

